#
# A fatal error has been detected by the Java Runtime Environment:
#
#  SIGSEGV (0xb) at pc=0x6c6c9430, pid=23611, tid=3062631232
#
# JRE version: 7.0_03-b04
# Java VM: Java HotSpot(TM) Server VM (22.1-b02 mixed mode linux-x86 )
# Problematic frame:
# C  [libgio-2.0.so.0+0x78430]  g_task_return_error_if_cancelled+0x20
#
# Failed to write core dump. Core dumps have been disabled. To enable core dumping, try "ulimit -c unlimited" before starting Java again
#
# If you would like to submit a bug report, please visit:
#   http://bugreport.sun.com/bugreport/crash.jsp
#

---------------  T H R E A D  ---------------

Current thread is native thread

siginfo:si_signo=SIGSEGV: si_errno=0, si_code=1 (SEGV_MAPERR), si_addr=0x00000020

Registers:
EAX=0x6d2e6a70, EBX=0xb76c7000, ECX=0xb68c0b40, EDX=0x6c6c9430
ESP=0xb68c033c, EBP=0x00000003, ESI=0xb68c0be8, EDI=0xb76c719c
EIP=0x6c6c9430, EFLAGS=0x00010286, CR2=0x00000020

Top of Stack: (sp=0xb68c033c)
0xb68c033c:   b76b5b66 6d2e6a70 00010002 00000005
0xb68c034c:   0829ce10 00000000 00000000 b76c7180
0xb68c035c:   00000004 00000000 00000000 b76b5ad9
0xb68c036c:   b76c7000 00000000 00000000 b68c0468
0xb68c037c:   b76b5d86 b68c03a4 00000000 00000000
0xb68c038c:   00000000 00000000 00000000 00000000
0xb68c039c:   00000000 00000000 b76c7000 00000000
0xb68c03ac:   003d0f00 b68c0468 03469916 cdfb1315 

Instructions: (pc=0x6c6c9430)
0x6c6c9410:   56 53 83 ec 24 8b 74 24 30 e8 c2 d3 fa ff 81 c3
0x6c6c9420:   e2 6b 0f 00 c7 44 24 1c 00 00 00 00 8b 46 74 85
0x6c6c9430:   c0 75 1d 8d 44 24 1c 89 44 24 04 8b 46 2c 89 04
0x6c6c9440:   24 e8 ca 2c fb ff 85 c0 75 36 83 c4 24 5b 5e c3 

Register to memory mapping:

EAX=0x6d2e6a70 is an unknown value
EBX=0xb76c7000: <offset 0x18000> in /lib/i386-linux-gnu/libpthread.so.0 at 0xb76af000
ECX=0xb68c0b40 is an unknown value
EDX=0x6c6c9430: g_task_return_error_if_cancelled+0x20 in /usr/lib/i386-linux-gnu/libgio-2.0.so.0 at 0x6c651000
ESP=0xb68c033c is an unknown value
EBP=0x00000003 is an unknown value
ESI=0xb68c0be8 is an unknown value
EDI=0xb76c719c: <offset 0x1819c> in /lib/i386-linux-gnu/libpthread.so.0 at 0xb76af000


Stack: [0xb6870000,0xb68c1000],  sp=0xb68c033c,  free space=320k
Native frames: (J=compiled Java code, j=interpreted, Vv=VM code, C=native code)
C  [libgio-2.0.so.0+0x78430]  g_task_return_error_if_cancelled+0x20


---------------  P R O C E S S  ---------------

VM state:at safepoint (shutting down)

VM Mutex/Monitor currently owned by a thread:  ([mutex/lock_event])
[0xb6702918] Threads_lock - owner thread: 0x6e060c00

Heap
 PSYoungGen      total 26176K, used 24116K [0x9e0d0000, 0xa1080000, 0xb3620000)
  eden space 25792K, 92% used [0x9e0d0000,0x9f809e70,0x9fa00000)
  from space 384K, 86% used [0x9fac0000,0x9fb13190,0x9fb20000)
  to   space 11520K, 0% used [0xa0540000,0xa0540000,0xa1080000)
 PSOldGen        total 47552K, used 29976K [0x73620000, 0x76490000, 0x9e0d0000)
  object space 47552K, 63% used [0x73620000,0x753662f8,0x76490000)
 PSPermGen       total 29952K, used 19667K [0x6f620000, 0x71360000, 0x73620000)
  object space 29952K, 65% used [0x6f620000,0x70954c10,0x71360000)

Code Cache  [0xb36e7000, 0xb3927000, 0xb66e7000)
 total_blobs=857 nmethods=589 adapters=221 free_code_cache=47603Kb largest_free_block=48655360

Dynamic libraries:
08048000-08049000 r-xp 00000000 08:01 1333370    /usr/lib/jvm/jdk1.7.0_03/bin/java
08049000-0804a000 rw-p 00000000 08:01 1333370    /usr/lib/jvm/jdk1.7.0_03/bin/java
0829c000-0832c000 rw-p 00000000 00:00 0          [heap]
63700000-638cf000 rw-p 00000000 00:00 0 
638cf000-63900000 ---p 00000000 00:00 0 
63900000-639fb000 rw-p 00000000 00:00 0 
639fb000-63a00000 ---p 00000000 00:00 0 
63a00000-63afd000 rw-p 00000000 00:00 0 
63afd000-63b00000 ---p 00000000 00:00 0 
63b00000-63bfd000 rw-p 00000000 00:00 0 
63bfd000-63c00000 ---p 00000000 00:00 0 
63c00000-63cfb000 rw-p 00000000 00:00 0 
63cfb000-63d00000 ---p 00000000 00:00 0 
63d00000-63dfc000 rw-p 00000000 00:00 0 
63dfc000-63e00000 ---p 00000000 00:00 0 
63e00000-63eff000 rw-p 00000000 00:00 0 
63eff000-63f00000 ---p 00000000 00:00 0 
63f00000-63ffc000 rw-p 00000000 00:00 0 
63ffc000-64000000 ---p 00000000 00:00 0 
64000000-64100000 rw-p 00000000 00:00 0 
64100000-641e2000 rw-p 00000000 00:00 0 
641e2000-64200000 ---p 00000000 00:00 0 
64289000-677fb000 r--p 00000000 08:01 657393     /usr/share/icons/hicolor/icon-theme.cache
677fb000-687fb000 rw-s 00000000 00:04 119210001  /SYSV00000000 (deleted)
688c4000-68e00000 r--p 00000000 08:01 2360131    /usr/local/share/icons/hicolor/icon-theme.cache
68e00000-68efc000 rw-p 00000000 00:00 0 
68efc000-68f00000 ---p 00000000 00:00 0 
68f1b000-68f1e000 ---p 00000000 00:00 0 
68f1e000-68f6c000 rw-p 00000000 00:00 0 
68f6c000-68f6f000 ---p 00000000 00:00 0 
68f6f000-68fbd000 rw-p 00000000 00:00 0 
68fbd000-6901c000 r-xp 00000000 08:01 1334724    /usr/lib/jvm/jdk1.7.0_03/jre/lib/i386/libt2k.so
6901c000-69020000 rw-p 0005f000 08:01 1334724    /usr/lib/jvm/jdk1.7.0_03/jre/lib/i386/libt2k.so
69020000-69024000 rw-p 00000000 00:00 0 
69024000-6902d000 r--s 00254000 08:01 1334694    /usr/lib/jvm/jdk1.7.0_03/jre/lib/resources.jar
6902d000-6907f000 r--p 00000000 08:01 955026     /usr/share/fonts/truetype/dejavu/DejaVuSansMono.ttf
6907f000-690d6000 r--p 00000000 08:01 529539     /usr/share/fonts/truetype/ubuntu-font-family/Ubuntu-R.ttf
693e3000-69472000 rw-p 00000000 00:00 0 
69517000-695a6000 rw-p 00000000 00:00 0 
695a6000-696f9000 r-xp 00000000 08:01 399141     /usr/lib/i386-linux-gnu/libxml2.so.2.9.1
696f9000-696fa000 ---p 00153000 08:01 399141     /usr/lib/i386-linux-gnu/libxml2.so.2.9.1
696fa000-696fe000 r--p 00153000 08:01 399141     /usr/lib/i386-linux-gnu/libxml2.so.2.9.1
696fe000-696ff000 rw-p 00157000 08:01 399141     /usr/lib/i386-linux-gnu/libxml2.so.2.9.1
696ff000-69700000 rw-p 00000000 00:00 0 
69700000-697fb000 rw-p 00000000 00:00 0 
697fb000-69800000 ---p 00000000 00:00 0 
69807000-69840000 r-xp 00000000 08:01 393601     /usr/lib/i386-linux-gnu/libcroco-0.6.so.3.0.1
69840000-69842000 r--p 00038000 08:01 393601     /usr/lib/i386-linux-gnu/libcroco-0.6.so.3.0.1
69842000-69843000 rw-p 0003a000 08:01 393601     /usr/lib/i386-linux-gnu/libcroco-0.6.so.3.0.1
69843000-69879000 r-xp 00000000 08:01 400016     /usr/lib/i386-linux-gnu/librsvg-2.so.2.36.4
69879000-6987a000 r--p 00035000 08:01 400016     /usr/lib/i386-linux-gnu/librsvg-2.so.2.36.4
6987a000-6987b000 rw-p 00036000 08:01 400016     /usr/lib/i386-linux-gnu/librsvg-2.so.2.36.4
6987b000-69ac6000 rw-s 00000000 00:04 119177230  /SYSV00000000 (deleted)
69b00000-69bfe000 rw-p 00000000 00:00 0 
69bfe000-69c00000 ---p 00000000 00:00 0 
69c0b000-69c30000 r-xp 00000000 08:01 2622174    /lib/i386-linux-gnu/liblzma.so.5.0.0
69c30000-69c31000 r--p 00024000 08:01 2622174    /lib/i386-linux-gnu/liblzma.so.5.0.0
69c31000-69c32000 rw-p 00025000 08:01 2622174    /lib/i386-linux-gnu/liblzma.so.5.0.0
69c5d000-69d00000 r--p 00000000 08:01 656731     /usr/share/icons/Humanity/icon-theme.cache
69d00000-69ded000 rw-p 00000000 00:00 0 
69ded000-69e00000 ---p 00000000 00:00 0 
69e00000-69ef9000 rw-p 00000000 00:00 0 
69ef9000-69f00000 ---p 00000000 00:00 0 
69f00000-69fd4000 rw-p 00000000 00:00 0 
69fd4000-6a000000 ---p 00000000 00:00 0 
6a000000-6a0e0000 rw-p 00000000 00:00 0 
6a0e0000-6a100000 ---p 00000000 00:00 0 
6a100000-6a1fc000 rw-p 00000000 00:00 0 
6a1fc000-6a200000 ---p 00000000 00:00 0 
6a205000-6a229000 r--s 00000000 08:01 525590     /usr/share/mime/mime.cache
6a229000-6a25b000 r-xp 00000000 08:01 949130     /usr/lib/i386-linux-gnu/gvfs/libgvfscommon.so
6a25b000-6a25d000 r--p 00032000 08:01 949130     /usr/lib/i386-linux-gnu/gvfs/libgvfscommon.so
6a25d000-6a25e000 rw-p 00034000 08:01 949130     /usr/lib/i386-linux-gnu/gvfs/libgvfscommon.so
6a25e000-6a261000 ---p 00000000 00:00 0 
6a261000-6a2af000 rw-p 00000000 00:00 0 
6a2af000-6a2b2000 ---p 00000000 00:00 0 
6a2b2000-6a300000 rw-p 00000000 00:00 0 
6a300000-6a400000 rw-p 00000000 00:00 0 
6a400000-6a4f9000 rw-p 00000000 00:00 0 
6a4f9000-6a500000 ---p 00000000 00:00 0 
6a500000-6a600000 rw-p 00000000 00:00 0 
6a600000-6a6f8000 rw-p 00000000 00:00 0 
6a6f8000-6a700000 ---p 00000000 00:00 0 
6a700000-6a7f9000 rw-p 00000000 00:00 0 
6a7f9000-6a800000 ---p 00000000 00:00 0 
6a81d000-6a820000 ---p 00000000 00:00 0 
6a820000-6a86e000 rw-p 00000000 00:00 0 
6a881000-6a88b000 r--s 00000000 08:01 672879     /var/cache/fontconfig/6aa41aa22e18b8fa06a12da28ea9c28b-le32d4.cache-4
6a88b000-6a88c000 r--s 00000000 08:01 672875     /var/cache/fontconfig/c05880de57d1f5e948fdfacc138775d9-le32d4.cache-4
6a88c000-6a894000 r--s 00000000 08:01 665055     /var/cache/fontconfig/945677eb7aeaf62f1d50efc3fb3ec7d8-le32d4.cache-4
6a894000-6a896000 r--s 00000000 08:01 665053     /var/cache/fontconfig/99e8ed0e538f840c565b6ed5dad60d56-le32d4.cache-4
6a896000-6a89c000 r--s 00000000 08:01 665052     /var/cache/fontconfig/a6d8cf8e4ec09cdbc8633c31745a07dd-le32d4.cache-4
6a89c000-6a8a0000 r--s 00000000 08:01 672869     /var/cache/fontconfig/2cd17615ca594fa2959ae173292e504c-le32d4.cache-4
6a8a0000-6a8a1000 r--s 00000000 08:01 672867     /var/cache/fontconfig/fd9505950c048a77dc4b710eb6a628ed-le32d4.cache-4
6a8a1000-6a8a4000 r--s 00000000 08:01 672864     /var/cache/fontconfig/ddc79d3ea06a7c6ffa86ede85f3bb5df-le32d4.cache-4
6a8a4000-6a8a5000 r--s 00000000 08:01 672863     /var/cache/fontconfig/6ab961c03ae23c8941a006873b54e00a-le32d4.cache-4
6a8a5000-6a8a6000 r--s 00000000 08:01 672861     /var/cache/fontconfig/acf24f57989d82ed5c91b60ef9c3a050-le32d4.cache-4
6a8a6000-6a8a7000 r--s 00000000 08:01 672859     /var/cache/fontconfig/e7071f4a29fa870f4323321c154eba04-le32d4.cache-4
6a8a7000-6a8a8000 r--s 00000000 08:01 672858     /var/cache/fontconfig/a2ab74764b07279e7c36ddb1d302cf26-le32d4.cache-4
6a8a8000-6a8a9000 r--s 00000000 08:01 672857     /var/cache/fontconfig/617957603a337376ca8784972c6029f5-le32d4.cache-4
6a8a9000-6a8ae000 r--s 00000000 08:01 672854     /var/cache/fontconfig/6eb3985aa4124903f6ff08ba781cd364-le32d4.cache-4
6a8ae000-6a8af000 r--s 00000000 08:01 672852     /var/cache/fontconfig/0d8c3b2ac0904cb8a57a757ad11a4a08-le32d4.cache-4
6a8af000-6a8b1000 r--s 00000000 08:01 672850     /var/cache/fontconfig/646addb8444faa74ee138aa00ab0b6a0-le32d4.cache-4
6a8b1000-6a8b2000 r--s 00000000 08:01 672848     /var/cache/fontconfig/0cbec7fefbf586a62e8b29e50474223e-le32d4.cache-4
6a8b2000-6a8b7000 r--s 00000000 08:01 672840     /var/cache/fontconfig/a755afe4a08bf5b97852ceb7400b47bc-le32d4.cache-4
6a8b7000-6a8b9000 r--s 00000000 08:01 672838     /var/cache/fontconfig/20bd79ad97094406f7d1b9654bfbd926-le32d4.cache-4
6a8b9000-6a8bc000 r--s 00000000 08:01 672836     /var/cache/fontconfig/f680583fed5bdc90d95a16af47e16528-le32d4.cache-4
6a8bc000-6a8c0000 r--s 00000000 08:01 672830     /var/cache/fontconfig/9c0624108b9a2ae8552f664125be8356-le32d4.cache-4
6a8c0000-6a8c9000 r--s 00000000 08:01 672828     /var/cache/fontconfig/6d41288fd70b0be22e8c3a91e032eec0-le32d4.cache-4
6a8c9000-6a8d1000 r--s 00000000 08:01 672822     /var/cache/fontconfig/a6354e3ac43af67bd8d7b8e43c34e49f-le32d4.cache-4
6a8d1000-6a900000 r--s 00000000 08:01 672764     /var/cache/fontconfig/365b55f210c0a22e9a19e35191240f32-le32d4.cache-4
6a91d000-6a94d000 r-xp 00000000 08:01 393634     /usr/lib/i386-linux-gnu/gio/modules/libgvfsdbus.so
6a94d000-6a94e000 r--p 0002f000 08:01 393634     /usr/lib/i386-linux-gnu/gio/modules/libgvfsdbus.so
6a94e000-6a94f000 rw-p 00030000 08:01 393634     /usr/lib/i386-linux-gnu/gio/modules/libgvfsdbus.so
6a94f000-6a952000 ---p 00000000 00:00 0 
6a952000-6a9a0000 rw-p 00000000 00:00 0 
6a9a0000-6aa00000 rw-s 00000000 00:04 119111686  /SYSV00000000 (deleted)
6aa00000-6aa01000 r--s 00000000 08:01 672834     /var/cache/fontconfig/5a76b20910bc01daa5b6abd117531ab8-le32d4.cache-4
6aa01000-6aa03000 r--s 00000000 08:01 672832     /var/cache/fontconfig/5a86461592e14be7c82e45729474f230-le32d4.cache-4
6aa03000-6aa05000 r--s 00000000 08:01 672826     /var/cache/fontconfig/da1bd5ca8443ffe22927a23ce431d198-le32d4.cache-4
6aa05000-6aa07000 r--s 00000000 08:01 672824     /var/cache/fontconfig/4609d6ed693fb2a61c04ed6a1f4c071e-le32d4.cache-4
6aa07000-6aa16000 r--s 00000000 08:01 672820     /var/cache/fontconfig/04aabc0a78ac019cf9454389977116d2-le32d4.cache-4
6aa16000-6aa17000 r--s 00000000 08:01 665048     /var/cache/fontconfig/1ac9eb803944fde146138c791f5cc56a-le32d4.cache-4
6aa17000-6aa1a000 r--s 00000000 08:01 664661     /var/cache/fontconfig/385c0604a188198f04d133e54aba7fe7-le32d4.cache-4
6aa1a000-6aa1b000 r--s 00000000 08:01 672813     /var/cache/fontconfig/9451a55048e8dbe8633e64d34165fdf2-le32d4.cache-4
6aa1b000-6aa1c000 r--s 00000000 08:01 672812     /var/cache/fontconfig/dc05db6664285cc2f12bf69c139ae4c3-le32d4.cache-4
6aa1c000-6aa1e000 r--s 00000000 08:01 672811     /var/cache/fontconfig/767a8244fc0220cfb567a839d0392e0b-le32d4.cache-4
6aa1e000-6aa1f000 r--s 00000000 08:01 662595     /var/cache/fontconfig/4794a0821666d79190d59a36cb4f44b5-le32d4.cache-4
6aa1f000-6aa20000 r--s 00000000 08:01 672807     /var/cache/fontconfig/ae264eae987e8da830dbed7bcf8e306d-le32d4.cache-4
6aa20000-6aa23000 r--s 00000000 08:01 672805     /var/cache/fontconfig/48b6b01af2a6a6e7e7f3fa61998c4afa-le32d4.cache-4
6aa23000-6aa26000 r--s 00000000 08:01 664657     /var/cache/fontconfig/8801497958630a81b71ace7c5f9b32a8-le32d4.cache-4
6aa26000-6aa2b000 r--s 00000000 08:01 672761     /var/cache/fontconfig/ca37dee8d6057f2a069c1b3d05990269-le32d4.cache-4
6aa2b000-6aa35000 r--s 00000000 08:01 672759     /var/cache/fontconfig/5f38aebfb03f60a9655b5ffadc824a03-le32d4.cache-4
6aa35000-6aa3a000 r--s 00000000 08:01 672758     /var/cache/fontconfig/3047814df9a2f067bd2d96a2b9c36e5a-le32d4.cache-4
6aa3a000-6aa3c000 r--s 00000000 08:01 672757     /var/cache/fontconfig/056ccc7d0649698b41865bf3e21c7385-le32d4.cache-4
6aa3c000-6aa3d000 r--s 00000000 08:01 672752     /var/cache/fontconfig/56cf4f4769d0f4abc89a4895d7bd3ae1-le32d4.cache-4
6aa3d000-6aa3e000 r--s 00000000 08:01 672751     /var/cache/fontconfig/b9d506c9ac06c20b433354fa67a72993-le32d4.cache-4
6aa3e000-6aa42000 r--s 00000000 08:01 672750     /var/cache/fontconfig/b47c4e1ecd0709278f4910c18777a504-le32d4.cache-4
6aa42000-6aa44000 r--s 00000000 08:01 672748     /var/cache/fontconfig/14d493b97896515cad3840ba4896e372-le32d4.cache-4
6aa44000-6aa45000 r--s 00000000 08:01 672747     /var/cache/fontconfig/89034621ae2a8922916bb6bfa5799546-le32d4.cache-4
6aa45000-6aa4c000 r--s 00000000 08:01 664252     /var/cache/fontconfig/52f7bdb7ce746bfd7eaa1985bd9cfa93-le32d4.cache-4
6aa4c000-6aa4f000 r--s 00000000 08:01 672745     /var/cache/fontconfig/e49e89034d371f0f9de17aab02136486-le32d4.cache-4
6aa4f000-6aa51000 r--s 00000000 08:01 672744     /var/cache/fontconfig/4b14b093aebc79c320de5e86ae1d3314-le32d4.cache-4
6aa51000-6aa61000 r--s 00000000 08:01 663193     /var/cache/fontconfig/d52a8644073d54c13679302ca1180695-le32d4.cache-4
6aa61000-6aa62000 r--s 00000000 08:01 672741     /var/cache/fontconfig/68f2d919236642eff71955021bcf3e72-le32d4.cache-4
6aa62000-6aa63000 r--s 00000000 08:01 672740     /var/cache/fontconfig/c22b88c134cda53a300d27da571d363d-le32d4.cache-4
6aa63000-6aa66000 r--s 00000000 08:01 672739     /var/cache/fontconfig/c1655681e403e3847780de03eacf363b-le32d4.cache-4
6aa66000-6aa68000 r--s 00000000 08:01 672738     /var/cache/fontconfig/ae26c1aac6606cb24499bf89ff8f20df-le32d4.cache-4
6aa68000-6aa69000 r--s 00000000 08:01 672737     /var/cache/fontconfig/f3d4f2ed5c89e879c37f86979022c1df-le32d4.cache-4
6aa69000-6aa6a000 r--s 00000000 08:01 672736     /var/cache/fontconfig/2ce378776740ec555c7a47a38e02269a-le32d4.cache-4
6aa6a000-6aada000 r--s 00000000 08:01 672708     /var/cache/fontconfig/b80ce64a4bd0ac846cde5fbdd290c01c-le32d4.cache-4
6aada000-6ab00000 r--s 00000000 08:01 672707     /var/cache/fontconfig/198d8fcf01c96d0cf813f74fd759bdb7-le32d4.cache-4
6ab00000-6abfe000 rw-p 00000000 00:00 0 
6abfe000-6ac00000 ---p 00000000 00:00 0 
6ac00000-6acdd000 rw-p 00000000 00:00 0 
6acdd000-6ad00000 ---p 00000000 00:00 0 
6ad00000-6adf7000 rw-p 00000000 00:00 0 
6adf7000-6ae00000 ---p 00000000 00:00 0 
6ae00000-6ae06000 r--s 00000000 08:01 672732     /var/cache/fontconfig/105b9c7e6f0a4f82d8c9b6e39c52c6f9-le32d4.cache-4
6ae06000-6ae0d000 r--s 00000000 08:01 662946     /var/cache/fontconfig/3f7329c5293ffd510edef78f73874cfd-le32d4.cache-4
6ae0d000-6ae16000 r--s 00000000 08:01 657730     /var/cache/fontconfig/d589a48862398ed80a3d6066f4f56f4c-le32d4.cache-4
6ae16000-6ae1c000 r--s 00000000 08:01 657714     /var/cache/fontconfig/089dead882dea3570ffc31a9898cfb69-le32d4.cache-4
6ae1c000-6ae23000 r--s 00000000 08:01 672700     /var/cache/fontconfig/d0972c3d32f097851eb916381fc38920-le32d4.cache-4
6ae23000-6ae29000 r--s 00000000 08:01 672698     /var/cache/fontconfig/53d14c92082a93e67d5078324eb314ca-le32d4.cache-4
6ae29000-6ae39000 r--s 00000000 08:01 672695     /var/cache/fontconfig/4ac51e5cfbc76fc3f983e470323a16d3-le32d4.cache-4
6ae39000-6ae51000 r--s 00000000 08:01 657181     /var/cache/fontconfig/e13b20fdb08344e0e664864cc2ede53d-le32d4.cache-4
6ae51000-6ae55000 r--s 00000000 08:01 672705     /var/cache/fontconfig/7ef2298fde41cc6eeb7af42e48b7d293-le32d4.cache-4
6ae55000-6ae58000 r--s 00000000 08:01 672702     /var/cache/fontconfig/5f5210b82076e95c6f5319cb386a658a-le32d4.cache-4
6ae58000-6ae62000 r--s 00000000 08:01 672885     /var/cache/fontconfig/8f02d4cb045bd6ce15663e43f347c9f8-le32d4.cache-4
6ae62000-6ae78000 r--s 00000000 08:01 670695     /var/cache/fontconfig/467c019e582ee353435ea5c21d137ef6-le32d4.cache-4
6aeeb000-6af1e000 r-xp 00000000 08:01 1334755    /usr/lib/jvm/jdk1.7.0_03/jre/lib/i386/libsunec.so
6af1e000-6af22000 rw-p 00032000 08:01 1334755    /usr/lib/jvm/jdk1.7.0_03/jre/lib/i386/libsunec.so
6af22000-6af26000 rw-p 00000000 00:00 0 
6af6b000-6af6e000 r--s 000f7000 08:01 1334010    /usr/lib/jvm/jdk1.7.0_03/jre/lib/ext/localedata.jar
6af6e000-6af7f000 r-xp 00000000 08:01 2621658    /lib/i386-linux-gnu/libudev.so.1.3.5
6af7f000-6af80000 r--p 00010000 08:01 2621658    /lib/i386-linux-gnu/libudev.so.1.3.5
6af80000-6af81000 rw-p 00011000 08:01 2621658    /lib/i386-linux-gnu/libudev.so.1.3.5
6afb3000-6afb6000 ---p 00000000 00:00 0 
6afb6000-6afc2000 rw-p 00000000 00:00 0          [stack:23672]
6afc2000-6afc9000 r-xp 00000000 08:01 1334707    /usr/lib/jvm/jdk1.7.0_03/jre/lib/i386/libmanagement.so
6afc9000-6afca000 rw-p 00006000 08:01 1334707    /usr/lib/jvm/jdk1.7.0_03/jre/lib/i386/libmanagement.so
6afca000-6afe5000 r-xp 00000000 08:01 2621493    /lib/i386-linux-gnu/libgcc_s.so.1
6afe5000-6afe6000 r--p 0001a000 08:01 2621493    /lib/i386-linux-gnu/libgcc_s.so.1
6afe6000-6afe7000 rw-p 0001b000 08:01 2621493    /lib/i386-linux-gnu/libgcc_s.so.1
6afe7000-6afe8000 r--s 00000000 08:01 672735     /var/cache/fontconfig/d69c7f22caf0697490c4d47e6ef04d17-le32d4.cache-4
6afe8000-6afe9000 r--s 00000000 08:01 672734     /var/cache/fontconfig/41b81ee6b44c10aca3db1fc8bdaebd36-le32d4.cache-4
6afe9000-6afed000 r--s 0002d000 08:01 1334012    /usr/lib/jvm/jdk1.7.0_03/jre/lib/ext/sunjce_provider.jar
6afee000-6afef000 r-xp 00000000 08:01 396042     /usr/lib/i386-linux-gnu/gdk-pixbuf-2.0/2.10.0/loaders/libpixbufloader-svg.so
6afef000-6aff0000 r--p 00001000 08:01 396042     /usr/lib/i386-linux-gnu/gdk-pixbuf-2.0/2.10.0/loaders/libpixbufloader-svg.so
6aff0000-6aff1000 rw-p 00002000 08:01 396042     /usr/lib/i386-linux-gnu/gdk-pixbuf-2.0/2.10.0/loaders/libpixbufloader-svg.so
6aff1000-6b003000 r--p 00000000 08:01 667923     /usr/share/icons/ubuntu-mono-light/icon-theme.cache
6b003000-6b011000 r-xp 00000000 08:01 1334747    /usr/lib/jvm/jdk1.7.0_03/jre/lib/i386/libnio.so
6b011000-6b012000 rw-p 0000e000 08:01 1334747    /usr/lib/jvm/jdk1.7.0_03/jre/lib/i386/libnio.so
6b012000-6b054000 r-xp 00000000 08:01 1334737    /usr/lib/jvm/jdk1.7.0_03/jre/lib/i386/libfontmanager.so
6b054000-6b057000 rw-p 00041000 08:01 1334737    /usr/lib/jvm/jdk1.7.0_03/jre/lib/i386/libfontmanager.so
6b057000-6b05b000 rw-p 00000000 00:00 0 
6b05b000-6b06f000 r-xp 00000000 08:01 1334721    /usr/lib/jvm/jdk1.7.0_03/jre/lib/i386/libnet.so
6b06f000-6b070000 rw-p 00014000 08:01 1334721    /usr/lib/jvm/jdk1.7.0_03/jre/lib/i386/libnet.so
6b070000-6b071000 ---p 00000000 00:00 0 
6b071000-6b871000 rw-p 00000000 00:00 0          [stack:23636]
6b871000-6b872000 ---p 00000000 00:00 0 
6b872000-6c072000 rw-p 00000000 00:00 0          [stack:23635]
6c072000-6c0c9000 r--p 00000000 08:01 2359873    /usr/share/glib-2.0/schemas/gschemas.compiled
6c0c9000-6c112000 r-xp 00000000 08:01 2628358    /lib/i386-linux-gnu/libdbus-1.so.3.7.4
6c112000-6c113000 r--p 00048000 08:01 2628358    /lib/i386-linux-gnu/libdbus-1.so.3.7.4
6c113000-6c114000 rw-p 00049000 08:01 2628358    /lib/i386-linux-gnu/libdbus-1.so.3.7.4
6c114000-6c13b000 r-xp 00000000 08:01 393479     /usr/lib/i386-linux-gnu/libatspi.so.0.0.1
6c13b000-6c13d000 r--p 00026000 08:01 393479     /usr/lib/i386-linux-gnu/libatspi.so.0.0.1
6c13d000-6c13e000 rw-p 00028000 08:01 393479     /usr/lib/i386-linux-gnu/libatspi.so.0.0.1
6c13e000-6c166000 r-xp 00000000 08:01 404574     /usr/lib/i386-linux-gnu/libatk-bridge-2.0.so.0.0.0
6c166000-6c167000 r--p 00028000 08:01 404574     /usr/lib/i386-linux-gnu/libatk-bridge-2.0.so.0.0.0
6c167000-6c168000 rw-p 00029000 08:01 404574     /usr/lib/i386-linux-gnu/libatk-bridge-2.0.so.0.0.0
6c168000-6c16f000 r-xp 00000000 08:01 396631     /usr/lib/i386-linux-gnu/libgailutil.so.18.0.1
6c16f000-6c170000 r--p 00006000 08:01 396631     /usr/lib/i386-linux-gnu/libgailutil.so.18.0.1
6c170000-6c171000 rw-p 00007000 08:01 396631     /usr/lib/i386-linux-gnu/libgailutil.so.18.0.1
6c171000-6c1c1000 r-xp 00000000 08:01 394576     /usr/lib/i386-linux-gnu/gtk-2.0/modules/libgail.so
6c1c1000-6c1c2000 r--p 0004f000 08:01 394576     /usr/lib/i386-linux-gnu/gtk-2.0/modules/libgail.so
6c1c2000-6c1c3000 rw-p 00050000 08:01 394576     /usr/lib/i386-linux-gnu/gtk-2.0/modules/libgail.so
6c1c3000-6c1f8000 r-xp 00000000 08:01 396690     /usr/lib/i386-linux-gnu/gtk-2.0/2.10.0/engines/libmurrine.so
6c1f8000-6c1f9000 r--p 00034000 08:01 396690     /usr/lib/i386-linux-gnu/gtk-2.0/2.10.0/engines/libmurrine.so
6c1f9000-6c1fa000 rw-p 00035000 08:01 396690     /usr/lib/i386-linux-gnu/gtk-2.0/2.10.0/engines/libmurrine.so
6c1fa000-6c1fd000 ---p 00000000 00:00 0 
6c1fd000-6c24b000 rw-p 00000000 00:00 0 
6c24b000-6c24e000 ---p 00000000 00:00 0 
6c24e000-6c29c000 rw-p 00000000 00:00 0 
6c29c000-6c2aa000 r-xp 00000000 08:01 394141     /usr/lib/i386-linux-gnu/libunity-gtk2-parser.so.0.0.0
6c2aa000-6c2ab000 r--p 0000d000 08:01 394141     /usr/lib/i386-linux-gnu/libunity-gtk2-parser.so.0.0.0
6c2ab000-6c2ac000 rw-p 0000e000 08:01 394141     /usr/lib/i386-linux-gnu/libunity-gtk2-parser.so.0.0.0
6c2ac000-6c2d5000 r-xp 00000000 08:01 400087     /usr/lib/i386-linux-gnu/libvorbis.so.0.4.5
6c2d5000-6c2d6000 ---p 00029000 08:01 400087     /usr/lib/i386-linux-gnu/libvorbis.so.0.4.5
6c2d6000-6c2d7000 r--p 00029000 08:01 400087     /usr/lib/i386-linux-gnu/libvorbis.so.0.4.5
6c2d7000-6c2d8000 rw-p 0002a000 08:01 400087     /usr/lib/i386-linux-gnu/libvorbis.so.0.4.5
6c2d8000-6c2d9000 r--s 00000000 08:01 672728     /var/cache/fontconfig/8cc03e3a04a09d98b32b781e5f64018d-le32d4.cache-4
6c2d9000-6c2dd000 r--s 00037000 08:01 1334008    /usr/lib/jvm/jdk1.7.0_03/jre/lib/ext/sunpkcs11.jar
6c2dd000-6c2e2000 r-xp 00000000 08:01 2624523    /lib/i386-linux-gnu/libnss_dns-2.17.so
6c2e2000-6c2e3000 r--p 00004000 08:01 2624523    /lib/i386-linux-gnu/libnss_dns-2.17.so
6c2e3000-6c2e4000 rw-p 00005000 08:01 2624523    /lib/i386-linux-gnu/libnss_dns-2.17.so
6c2e4000-6c2f7000 r--p 00000000 08:11 7998300    /home/guil/.config/dconf/user
6c2f7000-6c301000 r-xp 00000000 08:01 396797     /usr/lib/i386-linux-gnu/gio/modules/libdconfsettings.so
6c301000-6c302000 r--p 00009000 08:01 396797     /usr/lib/i386-linux-gnu/gio/modules/libdconfsettings.so
6c302000-6c303000 rw-p 0000a000 08:01 396797     /usr/lib/i386-linux-gnu/gio/modules/libdconfsettings.so
6c303000-6c31b000 r-xp 00000000 08:01 393828     /usr/lib/i386-linux-gnu/libgraphite2.so.3.0.1
6c31b000-6c31c000 ---p 00018000 08:01 393828     /usr/lib/i386-linux-gnu/libgraphite2.so.3.0.1
6c31c000-6c31d000 r--p 00018000 08:01 393828     /usr/lib/i386-linux-gnu/libgraphite2.so.3.0.1
6c31d000-6c31e000 rw-p 00019000 08:01 393828     /usr/lib/i386-linux-gnu/libgraphite2.so.3.0.1
6c31e000-6c35d000 r-xp 00000000 08:01 2623001    /lib/i386-linux-gnu/libpcre.so.3.13.1
6c35d000-6c35e000 r--p 0003f000 08:01 2623001    /lib/i386-linux-gnu/libpcre.so.3.13.1
6c35e000-6c35f000 rw-p 00040000 08:01 2623001    /lib/i386-linux-gnu/libpcre.so.3.13.1
6c35f000-6c3b0000 r-xp 00000000 08:01 424865     /usr/lib/i386-linux-gnu/libharfbuzz.so.0.919.0
6c3b0000-6c3b1000 r--p 00051000 08:01 424865     /usr/lib/i386-linux-gnu/libharfbuzz.so.0.919.0
6c3b1000-6c3b2000 rw-p 00052000 08:01 424865     /usr/lib/i386-linux-gnu/libharfbuzz.so.0.919.0
6c3b2000-6c456000 r-xp 00000000 08:01 398134     /usr/lib/i386-linux-gnu/libpixman-1.so.0.30.2
6c456000-6c45b000 r--p 000a4000 08:01 398134     /usr/lib/i386-linux-gnu/libpixman-1.so.0.30.2
6c45b000-6c45c000 rw-p 000a9000 08:01 398134     /usr/lib/i386-linux-gnu/libpixman-1.so.0.30.2
6c45c000-6c4f6000 r-xp 00000000 08:01 393625     /usr/lib/i386-linux-gnu/libfreetype.so.6.10.1
6c4f6000-6c4fa000 r--p 00099000 08:01 393625     /usr/lib/i386-linux-gnu/libfreetype.so.6.10.1
6c4fa000-6c4fb000 rw-p 0009d000 08:01 393625     /usr/lib/i386-linux-gnu/libfreetype.so.6.10.1
6c4fb000-6c5fd000 r-xp 00000000 08:01 2628480    /lib/i386-linux-gnu/libglib-2.0.so.0.3800.1
6c5fd000-6c5fe000 r--p 00101000 08:01 2628480    /lib/i386-linux-gnu/libglib-2.0.so.0.3800.1
6c5fe000-6c5ff000 rw-p 00102000 08:01 2628480    /lib/i386-linux-gnu/libglib-2.0.so.0.3800.1
6c5ff000-6c64f000 r-xp 00000000 08:01 399930     /usr/lib/i386-linux-gnu/libgobject-2.0.so.0.3800.1
6c64f000-6c650000 r--p 0004f000 08:01 399930     /usr/lib/i386-linux-gnu/libgobject-2.0.so.0.3800.1
6c650000-6c651000 rw-p 00050000 08:01 399930     /usr/lib/i386-linux-gnu/libgobject-2.0.so.0.3800.1
6c651000-6c7bd000 r-xp 00000000 08:01 411867     /usr/lib/i386-linux-gnu/libgio-2.0.so.0.3800.1
6c7bd000-6c7be000 ---p 0016c000 08:01 411867     /usr/lib/i386-linux-gnu/libgio-2.0.so.0.3800.1
6c7be000-6c7c0000 r--p 0016c000 08:01 411867     /usr/lib/i386-linux-gnu/libgio-2.0.so.0.3800.1
6c7c0000-6c7c1000 rw-p 0016e000 08:01 411867     /usr/lib/i386-linux-gnu/libgio-2.0.so.0.3800.1
6c7c1000-6c7c2000 rw-p 00000000 00:00 0 
6c7c2000-6c8df000 r-xp 00000000 08:01 396444     /usr/lib/i386-linux-gnu/libcairo.so.2.11200.16
6c8df000-6c8e1000 r--p 0011d000 08:01 396444     /usr/lib/i386-linux-gnu/libcairo.so.2.11200.16
6c8e1000-6c8e2000 rw-p 0011f000 08:01 396444     /usr/lib/i386-linux-gnu/libcairo.so.2.11200.16
6c8e2000-6c8e3000 rw-p 00000000 00:00 0 
6c8e3000-6c98e000 r-xp 00000000 08:01 401978     /usr/lib/i386-linux-gnu/libgdk-x11-2.0.so.0.2400.20
6c98e000-6c990000 r--p 000ab000 08:01 401978     /usr/lib/i386-linux-gnu/libgdk-x11-2.0.so.0.2400.20
6c990000-6c991000 rw-p 000ad000 08:01 401978     /usr/lib/i386-linux-gnu/libgdk-x11-2.0.so.0.2400.20
6c991000-6cdf8000 r-xp 00000000 08:01 402349     /usr/lib/i386-linux-gnu/libgtk-x11-2.0.so.0.2400.20
6cdf8000-6cdfc000 r--p 00466000 08:01 402349     /usr/lib/i386-linux-gnu/libgtk-x11-2.0.so.0.2400.20
6cdfc000-6cdfe000 rw-p 0046a000 08:01 402349     /usr/lib/i386-linux-gnu/libgtk-x11-2.0.so.0.2400.20
6cdfe000-6ce00000 rw-p 00000000 00:00 0 
6ce00000-6cf00000 rw-p 00000000 00:00 0 
6cf00000-6cf03000 r--s 00018000 08:01 1334614    /usr/lib/jvm/jdk1.7.0_03/jre/lib/jce.jar
6cf03000-6cf05000 r-xp 00000000 08:01 2622548    /lib/libnss_mdns4_minimal.so.2
6cf05000-6cf06000 r--p 00001000 08:01 2622548    /lib/libnss_mdns4_minimal.so.2
6cf06000-6cf07000 rw-p 00002000 08:01 2622548    /lib/libnss_mdns4_minimal.so.2
6cf07000-6cf18000 r-xp 00000000 08:01 396457     /usr/lib/i386-linux-gnu/gtk-2.0/modules/liboverlay-scrollbar.so
6cf18000-6cf19000 r--p 00010000 08:01 396457     /usr/lib/i386-linux-gnu/gtk-2.0/modules/liboverlay-scrollbar.so
6cf19000-6cf1a000 rw-p 00011000 08:01 396457     /usr/lib/i386-linux-gnu/gtk-2.0/modules/liboverlay-scrollbar.so
6cf1a000-6d04a000 r-xp 00000000 08:01 394429     /usr/lib/i386-linux-gnu/libX11.so.6.3.0
6d04a000-6d04b000 ---p 00130000 08:01 394429     /usr/lib/i386-linux-gnu/libX11.so.6.3.0
6d04b000-6d04c000 r--p 00130000 08:01 394429     /usr/lib/i386-linux-gnu/libX11.so.6.3.0
6d04c000-6d04e000 rw-p 00131000 08:01 394429     /usr/lib/i386-linux-gnu/libX11.so.6.3.0
6d04e000-6d04f000 rw-p 00000000 00:00 0 
6d04f000-6d0d5000 r-xp 00000000 08:01 1334734    /usr/lib/jvm/jdk1.7.0_03/jre/lib/i386/libawt.so
6d0d5000-6d0dc000 rw-p 00086000 08:01 1334734    /usr/lib/jvm/jdk1.7.0_03/jre/lib/i386/libawt.so
6d0dc000-6d100000 rw-p 00000000 00:00 0 
6d100000-6d1fd000 rw-p 00000000 00:00 0 
6d1fd000-6d200000 ---p 00000000 00:00 0 
6d200000-6d2fa000 rw-p 00000000 00:00 0 
6d2fa000-6d300000 ---p 00000000 00:00 0 
6d300000-6d3fb000 rw-p 00000000 00:00 0 
6d3fb000-6d400000 ---p 00000000 00:00 0 
6d400000-6d407000 r-xp 00000000 08:01 396557     /usr/lib/i386-linux-gnu/libogg.so.0.8.1
6d407000-6d408000 r--p 00006000 08:01 396557     /usr/lib/i386-linux-gnu/libogg.so.0.8.1
6d408000-6d409000 rw-p 00007000 08:01 396557     /usr/lib/i386-linux-gnu/libogg.so.0.8.1
6d409000-6d42e000 r-xp 00000000 08:01 2622989    /lib/i386-linux-gnu/libexpat.so.1.6.0
6d42e000-6d42f000 ---p 00025000 08:01 2622989    /lib/i386-linux-gnu/libexpat.so.1.6.0
6d42f000-6d431000 r--p 00025000 08:01 2622989    /lib/i386-linux-gnu/libexpat.so.1.6.0
6d431000-6d432000 rw-p 00027000 08:01 2622989    /lib/i386-linux-gnu/libexpat.so.1.6.0
6d432000-6d47c000 r-xp 00000000 08:01 397257     /usr/lib/i386-linux-gnu/libpango-1.0.so.0.3200.5
6d47c000-6d47d000 ---p 0004a000 08:01 397257     /usr/lib/i386-linux-gnu/libpango-1.0.so.0.3200.5
6d47d000-6d47e000 r--p 0004a000 08:01 397257     /usr/lib/i386-linux-gnu/libpango-1.0.so.0.3200.5
6d47e000-6d47f000 rw-p 0004b000 08:01 397257     /usr/lib/i386-linux-gnu/libpango-1.0.so.0.3200.5
6d47f000-6d480000 ---p 00000000 00:00 0 
6d480000-6d500000 rw-p 00000000 00:00 0 
6d500000-6d5fb000 rw-p 00000000 00:00 0 
6d5fb000-6d600000 ---p 00000000 00:00 0 
6d600000-6d602000 r--s 00000000 08:01 672722     /var/cache/fontconfig/5b0623c2c1e6dea9559ee397e26a7919-le32d4.cache-4
6d602000-6d614000 r-xp 00000000 08:01 401524     /usr/lib/i386-linux-gnu/libtdb.so.1.2.11
6d614000-6d615000 ---p 00012000 08:01 401524     /usr/lib/i386-linux-gnu/libtdb.so.1.2.11
6d615000-6d616000 r--p 00012000 08:01 401524     /usr/lib/i386-linux-gnu/libtdb.so.1.2.11
6d616000-6d617000 rw-p 00013000 08:01 401524     /usr/lib/i386-linux-gnu/libtdb.so.1.2.11
6d617000-6d62a000 r-xp 00000000 08:01 2624594    /lib/i386-linux-gnu/libresolv-2.17.so
6d62a000-6d62b000 r--p 00013000 08:01 2624594    /lib/i386-linux-gnu/libresolv-2.17.so
6d62b000-6d62c000 rw-p 00014000 08:01 2624594    /lib/i386-linux-gnu/libresolv-2.17.so
6d62c000-6d62e000 rw-p 00000000 00:00 0 
6d62e000-6d631000 ---p 00000000 00:00 0 
6d631000-6d67f000 rw-p 00000000 00:00 0          [stack:23632]
6d67f000-6d682000 ---p 00000000 00:00 0 
6d682000-6d700000 rw-p 00000000 00:00 0          [stack:23626]
6d700000-6d7f3000 rw-p 00000000 00:00 0 
6d7f3000-6d800000 ---p 00000000 00:00 0 
6d800000-6d821000 rw-p 00000000 00:00 0 
6d821000-6d900000 ---p 00000000 00:00 0 
6d900000-6d901000 r--s 00000000 08:01 672724     /var/cache/fontconfig/ad2e33cf111390dd78009b3308a88f1b-le32d4.cache-4
6d901000-6d90a000 r-xp 00000000 08:01 393318     /usr/lib/i386-linux-gnu/libltdl.so.7.3.0
6d90a000-6d90b000 r--p 00008000 08:01 393318     /usr/lib/i386-linux-gnu/libltdl.so.7.3.0
6d90b000-6d90c000 rw-p 00009000 08:01 393318     /usr/lib/i386-linux-gnu/libltdl.so.7.3.0
6d90c000-6d92c000 r-xp 00000000 08:01 2622119    /lib/i386-linux-gnu/libselinux.so.1
6d92c000-6d92d000 r--p 0001f000 08:01 2622119    /lib/i386-linux-gnu/libselinux.so.1
6d92d000-6d92e000 rw-p 00020000 08:01 2622119    /lib/i386-linux-gnu/libselinux.so.1
6d92e000-6d931000 ---p 00000000 00:00 0 
6d931000-6d97f000 rw-p 00000000 00:00 0          [stack:23631]
6d97f000-6d982000 ---p 00000000 00:00 0 
6d982000-6da00000 rw-p 00000000 00:00 0          [stack:23625]
6da00000-6dc00000 r--p 00000000 08:01 396388     /usr/lib/locale/locale-archive
6dc00000-6dc24000 rw-p 00000000 00:00 0 
6dc24000-6dd00000 ---p 00000000 00:00 0 
6dd00000-6dd26000 rw-p 00000000 00:00 0 
6dd26000-6de00000 ---p 00000000 00:00 0 
6de00000-6de21000 rw-p 00000000 00:00 0 
6de21000-6df00000 ---p 00000000 00:00 0 
6df00000-6df01000 r--s 00000000 08:01 672720     /var/cache/fontconfig/406a1d2d2bf3ed7664fbadefac0b2f66-le32d4.cache-4
6df01000-6df02000 r--s 00000000 08:01 672706     /var/cache/fontconfig/0c9eb80ebd1c36541ebe2852d3bb0c49-le32d4.cache-4
6df02000-6df08000 r-xp 00000000 08:01 398822     /usr/lib/i386-linux-gnu/libdatrie.so.1.2.0
6df08000-6df09000 r--p 00006000 08:01 398822     /usr/lib/i386-linux-gnu/libdatrie.so.1.2.0
6df09000-6df0a000 rw-p 00007000 08:01 398822     /usr/lib/i386-linux-gnu/libdatrie.so.1.2.0
6df0a000-6df12000 r-xp 00000000 08:01 397945     /usr/lib/i386-linux-gnu/libthai.so.0.2.0
6df12000-6df13000 r--p 00007000 08:01 397945     /usr/lib/i386-linux-gnu/libthai.so.0.2.0
6df13000-6df14000 rw-p 00008000 08:01 397945     /usr/lib/i386-linux-gnu/libthai.so.0.2.0
6df14000-6df2c000 r-xp 00000000 08:01 2629387    /lib/i386-linux-gnu/libz.so.1.2.8
6df2c000-6df2d000 r--p 00017000 08:01 2629387    /lib/i386-linux-gnu/libz.so.1.2.8
6df2d000-6df2e000 rw-p 00018000 08:01 2629387    /lib/i386-linux-gnu/libz.so.1.2.8
6df2e000-6df31000 ---p 00000000 00:00 0 
6df31000-6df7f000 rw-p 00000000 00:00 0          [stack:23630]
6df7f000-6df80000 ---p 00000000 00:00 0 
6df80000-6e000000 rw-p 00000000 00:00 0 
6e000000-6e100000 rw-p 00000000 00:00 0 
6e100000-6e105000 r-xp 00000000 08:01 395496     /usr/lib/i386-linux-gnu/libffi.so.6.0.1
6e105000-6e106000 r--p 00005000 08:01 395496     /usr/lib/i386-linux-gnu/libffi.so.6.0.1
6e106000-6e107000 rw-p 00006000 08:01 395496     /usr/lib/i386-linux-gnu/libffi.so.6.0.1
6e107000-6e13f000 r-xp 00000000 08:01 396064     /usr/lib/i386-linux-gnu/libfontconfig.so.1.7.0
6e13f000-6e140000 r--p 00038000 08:01 396064     /usr/lib/i386-linux-gnu/libfontconfig.so.1.7.0
6e140000-6e141000 rw-p 00039000 08:01 396064     /usr/lib/i386-linux-gnu/libfontconfig.so.1.7.0
6e141000-6e300000 r--s 03a09000 08:01 1334050    /usr/lib/jvm/jdk1.7.0_03/jre/lib/rt.jar
6e300000-6e348000 rw-p 00000000 00:00 0 
6e348000-6e400000 ---p 00000000 00:00 0 
6e400000-6e401000 r--s 00000000 08:01 657716     /var/cache/fontconfig/3fe29f0c9fa221c8ee16555d4835b3ab-le32d4.cache-4
6e401000-6e409000 r-xp 00000000 08:01 396119     /usr/lib/i386-linux-gnu/libxcb-render.so.0.0.0
6e409000-6e40a000 r--p 00008000 08:01 396119     /usr/lib/i386-linux-gnu/libxcb-render.so.0.0.0
6e40a000-6e40b000 rw-p 00009000 08:01 396119     /usr/lib/i386-linux-gnu/libxcb-render.so.0.0.0
6e40b000-6e431000 r-xp 00000000 08:01 2622137    /lib/i386-linux-gnu/libpng12.so.0.49.0
6e431000-6e432000 r--p 00025000 08:01 2622137    /lib/i386-linux-gnu/libpng12.so.0.49.0
6e432000-6e433000 rw-p 00026000 08:01 2622137    /lib/i386-linux-gnu/libpng12.so.0.49.0
6e433000-6e47c000 r-xp 00000000 08:01 1334705    /usr/lib/jvm/jdk1.7.0_03/jre/lib/i386/xawt/libmawt.so
6e47c000-6e47e000 rw-p 00048000 08:01 1334705    /usr/lib/jvm/jdk1.7.0_03/jre/lib/i386/xawt/libmawt.so
6e47e000-6e47f000 rw-p 00000000 00:00 0 
6e47f000-6e480000 ---p 00000000 00:00 0 
6e480000-6e500000 rw-p 00000000 00:00 0          [stack:23620]
6e500000-6e521000 rw-p 00000000 00:00 0 
6e521000-6e600000 ---p 00000000 00:00 0 
6e600000-6e604000 r-xp 00000000 08:01 399822     /usr/lib/i386-linux-gnu/gtk-2.0/modules/libunity-gtk-module.so
6e604000-6e605000 r--p 00003000 08:01 399822     /usr/lib/i386-linux-gnu/gtk-2.0/modules/libunity-gtk-module.so
6e605000-6e606000 rw-p 00004000 08:01 399822     /usr/lib/i386-linux-gnu/gtk-2.0/modules/libunity-gtk-module.so
6e606000-6e608000 r-xp 00000000 08:01 396165     /usr/lib/i386-linux-gnu/libxcb-shm.so.0.0.0
6e608000-6e609000 r--p 00001000 08:01 396165     /usr/lib/i386-linux-gnu/libxcb-shm.so.0.0.0
6e609000-6e60a000 rw-p 00002000 08:01 396165     /usr/lib/i386-linux-gnu/libxcb-shm.so.0.0.0
6e60a000-6e60c000 r-xp 00000000 08:01 394369     /usr/lib/i386-linux-gnu/libXdamage.so.1.1.0
6e60c000-6e60d000 r--p 00001000 08:01 394369     /usr/lib/i386-linux-gnu/libXdamage.so.1.1.0
6e60d000-6e60e000 rw-p 00002000 08:01 394369     /usr/lib/i386-linux-gnu/libXdamage.so.1.1.0
6e60e000-6e617000 r-xp 00000000 08:01 397052     /usr/lib/i386-linux-gnu/libXrandr.so.2.2.0
6e617000-6e618000 r--p 00008000 08:01 397052     /usr/lib/i386-linux-gnu/libXrandr.so.2.2.0
6e618000-6e619000 rw-p 00009000 08:01 397052     /usr/lib/i386-linux-gnu/libXrandr.so.2.2.0
6e619000-6e62c000 r-xp 00000000 08:01 403353     /usr/lib/i386-linux-gnu/libpangoft2-1.0.so.0.3200.5
6e62c000-6e62d000 r--p 00013000 08:01 403353     /usr/lib/i386-linux-gnu/libpangoft2-1.0.so.0.3200.5
6e62d000-6e62e000 rw-p 00014000 08:01 403353     /usr/lib/i386-linux-gnu/libpangoft2-1.0.so.0.3200.5
6e62e000-6e631000 ---p 00000000 00:00 0 
6e631000-6e67f000 rw-p 00000000 00:00 0          [stack:23676]
6e67f000-6e680000 ---p 00000000 00:00 0 
6e680000-6e700000 rw-p 00000000 00:00 0          [stack:23619]
6e700000-6e721000 rw-p 00000000 00:00 0 
6e721000-6e800000 ---p 00000000 00:00 0 
6e800000-6e802000 r-xp 00000000 08:01 396466     /usr/lib/i386-linux-gnu/libXcomposite.so.1.0.0
6e802000-6e803000 r--p 00001000 08:01 396466     /usr/lib/i386-linux-gnu/libXcomposite.so.1.0.0
6e803000-6e804000 rw-p 00002000 08:01 396466     /usr/lib/i386-linux-gnu/libXcomposite.so.1.0.0
6e804000-6e825000 r-xp 00000000 08:01 404191     /usr/lib/i386-linux-gnu/libgdk_pixbuf-2.0.so.0.2800.1
6e825000-6e826000 r--p 00020000 08:01 404191     /usr/lib/i386-linux-gnu/libgdk_pixbuf-2.0.so.0.2800.1
6e826000-6e827000 rw-p 00021000 08:01 404191     /usr/lib/i386-linux-gnu/libgdk_pixbuf-2.0.so.0.2800.1
6e827000-6e87f000 r--s 0411c000 08:11 8390333    /home/guil/Developpement/git/pmsqueak/premiumMarkets/pm-uiinstall/target/pminstall-allinone.jar
6e87f000-6e880000 ---p 00000000 00:00 0 
6e880000-6e900000 rw-p 00000000 00:00 0          [stack:23618]
6e900000-6e9fc000 rw-p 00000000 00:00 0 
6e9fc000-6ea00000 ---p 00000000 00:00 0 
6ea00000-6ea1e000 r-xp 00000000 08:01 396934     /usr/lib/i386-linux-gnu/libatk-1.0.so.0.21009.1
6ea1e000-6ea20000 r--p 0001d000 08:01 396934     /usr/lib/i386-linux-gnu/libatk-1.0.so.0.21009.1
6ea20000-6ea21000 rw-p 0001f000 08:01 396934     /usr/lib/i386-linux-gnu/libatk-1.0.so.0.21009.1
6ea21000-6ea2c000 r-xp 00000000 08:01 403349     /usr/lib/i386-linux-gnu/libpangocairo-1.0.so.0.3200.5
6ea2c000-6ea2d000 r--p 0000a000 08:01 403349     /usr/lib/i386-linux-gnu/libpangocairo-1.0.so.0.3200.5
6ea2d000-6ea2e000 rw-p 0000b000 08:01 403349     /usr/lib/i386-linux-gnu/libpangocairo-1.0.so.0.3200.5
6ea2e000-6ea31000 ---p 00000000 00:00 0 
6ea31000-6ea7f000 rw-p 00000000 00:00 0          [stack:23627]
6ea7f000-6ea80000 ---p 00000000 00:00 0 
6ea80000-6eb00000 rw-p 00000000 00:00 0          [stack:23617]
6eb00000-6eb21000 rw-p 00000000 00:00 0 
6eb21000-6ec00000 ---p 00000000 00:00 0 
6ec00000-6ec01000 r--s 00000000 08:11 8027210    /home/guil/.local/share/mime/mime.cache
6ec01000-6ec0a000 r-xp 00000000 08:01 396386     /usr/lib/i386-linux-gnu/libXcursor.so.1.0.2
6ec0a000-6ec0b000 r--p 00008000 08:01 396386     /usr/lib/i386-linux-gnu/libXcursor.so.1.0.2
6ec0b000-6ec0c000 rw-p 00009000 08:01 396386     /usr/lib/i386-linux-gnu/libXcursor.so.1.0.2
6ec0c000-6ec2c000 r-xp 00000000 08:01 393837     /usr/lib/i386-linux-gnu/libxcb.so.1.1.0
6ec2c000-6ec2d000 r--p 0001f000 08:01 393837     /usr/lib/i386-linux-gnu/libxcb.so.1.1.0
6ec2d000-6ec2e000 rw-p 00020000 08:01 393837     /usr/lib/i386-linux-gnu/libxcb.so.1.1.0
6ec2e000-6ec31000 ---p 00000000 00:00 0 
6ec31000-6ec7f000 rw-p 00000000 00:00 0          [stack:23624]
6ec7f000-6ec80000 ---p 00000000 00:00 0 
6ec80000-6ed00000 rw-p 00000000 00:00 0          [stack:23616]
6ed00000-6ed30000 rw-p 00000000 00:00 0 
6ed30000-6ee00000 ---p 00000000 00:00 0 
6ee00000-6ee01000 r--s 00000000 08:01 672886     /var/cache/fontconfig/16326683038b281783a0ef8c680e3a10-le32d4.cache-4
6ee01000-6ee03000 r-xp 00000000 08:01 394345     /usr/lib/i386-linux-gnu/libXinerama.so.1.0.0
6ee03000-6ee04000 r--p 00001000 08:01 394345     /usr/lib/i386-linux-gnu/libXinerama.so.1.0.0
6ee04000-6ee05000 rw-p 00002000 08:01 394345     /usr/lib/i386-linux-gnu/libXinerama.so.1.0.0
6ee05000-6ee08000 r-xp 00000000 08:01 393502     /usr/lib/i386-linux-gnu/libgmodule-2.0.so.0.3800.1
6ee08000-6ee09000 r--p 00002000 08:01 393502     /usr/lib/i386-linux-gnu/libgmodule-2.0.so.0.3800.1
6ee09000-6ee0a000 rw-p 00003000 08:01 393502     /usr/lib/i386-linux-gnu/libgmodule-2.0.so.0.3800.1
6ee0a000-6ee19000 r-xp 00000000 08:01 393648     /usr/lib/i386-linux-gnu/libXi.so.6.1.0
6ee19000-6ee1a000 r--p 0000e000 08:01 393648     /usr/lib/i386-linux-gnu/libXi.so.6.1.0
6ee1a000-6ee1b000 rw-p 0000f000 08:01 393648     /usr/lib/i386-linux-gnu/libXi.so.6.1.0
6ee1b000-6ee2c000 r-xp 00000000 08:01 396182     /usr/lib/i386-linux-gnu/libXext.so.6.4.0
6ee2c000-6ee2d000 r--p 00010000 08:01 396182     /usr/lib/i386-linux-gnu/libXext.so.6.4.0
6ee2d000-6ee2e000 rw-p 00011000 08:01 396182     /usr/lib/i386-linux-gnu/libXext.so.6.4.0
6ee2e000-6ee31000 ---p 00000000 00:00 0 
6ee31000-6ee7f000 rw-p 00000000 00:00 0          [stack:23623]
6ee7f000-6ee80000 ---p 00000000 00:00 0 
6ee80000-6ef00000 rw-p 00000000 00:00 0          [stack:23615]
6ef00000-6ef21000 rw-p 00000000 00:00 0 
6ef21000-6f000000 ---p 00000000 00:00 0 
6f000000-6f001000 r-xp 00000000 08:01 407738     /usr/lib/i386-linux-gnu/libgthread-2.0.so.0.3800.1
6f001000-6f002000 r--p 00000000 08:01 407738     /usr/lib/i386-linux-gnu/libgthread-2.0.so.0.3800.1
6f002000-6f003000 rw-p 00001000 08:01 407738     /usr/lib/i386-linux-gnu/libgthread-2.0.so.0.3800.1
6f003000-6f004000 r-xp 00000000 08:01 395321     /usr/lib/i386-linux-gnu/gtk-2.0/modules/libatk-bridge.so
6f004000-6f005000 r--p 00000000 08:01 395321     /usr/lib/i386-linux-gnu/gtk-2.0/modules/libatk-bridge.so
6f005000-6f006000 rw-p 00001000 08:01 395321     /usr/lib/i386-linux-gnu/gtk-2.0/modules/libatk-bridge.so
6f006000-6f00e000 r-xp 00000000 08:01 396752     /usr/lib/i386-linux-gnu/libvorbisfile.so.3.3.4
6f00e000-6f00f000 r--p 00007000 08:01 396752     /usr/lib/i386-linux-gnu/libvorbisfile.so.3.3.4
6f00f000-6f010000 rw-p 00008000 08:01 396752     /usr/lib/i386-linux-gnu/libvorbisfile.so.3.3.4
6f010000-6f01f000 r-xp 00000000 08:01 399528     /usr/lib/i386-linux-gnu/libcanberra.so.0.2.5
6f01f000-6f020000 r--p 0000e000 08:01 399528     /usr/lib/i386-linux-gnu/libcanberra.so.0.2.5
6f020000-6f021000 rw-p 0000f000 08:01 399528     /usr/lib/i386-linux-gnu/libcanberra.so.0.2.5
6f021000-6f025000 r-xp 00000000 08:01 396692     /usr/lib/i386-linux-gnu/libcanberra-gtk.so.0.1.9
6f025000-6f026000 r--p 00003000 08:01 396692     /usr/lib/i386-linux-gnu/libcanberra-gtk.so.0.1.9
6f026000-6f027000 rw-p 00004000 08:01 396692     /usr/lib/i386-linux-gnu/libcanberra-gtk.so.0.1.9
6f027000-6f02c000 r-xp 00000000 08:01 405532     /usr/lib/i386-linux-gnu/gtk-2.0/modules/libcanberra-gtk-module.so
6f02c000-6f02d000 r--p 00004000 08:01 405532     /usr/lib/i386-linux-gnu/gtk-2.0/modules/libcanberra-gtk-module.so
6f02d000-6f02e000 rw-p 00005000 08:01 405532     /usr/lib/i386-linux-gnu/gtk-2.0/modules/libcanberra-gtk-module.so
6f02e000-6f031000 ---p 00000000 00:00 0 
6f031000-6f07f000 rw-p 00000000 00:00 0          [stack:23622]
6f07f000-6f080000 ---p 00000000 00:00 0 
6f080000-6f100000 rw-p 00000000 00:00 0          [stack:23614]
6f100000-6f121000 rw-p 00000000 00:00 0 
6f121000-6f200000 ---p 00000000 00:00 0 
6f200000-6f201000 r--s 00000000 08:01 672883     /var/cache/fontconfig/e0aa53bcfa504e64f87823c16bc01eb6-le32d4.cache-4
6f201000-6f202000 r--s 00003000 08:01 1334013    /usr/lib/jvm/jdk1.7.0_03/jre/lib/ext/sunec.jar
6f202000-6f206000 r-xp 00000000 08:01 401356     /usr/lib/i386-linux-gnu/libXfixes.so.3.1.0
6f206000-6f207000 r--p 00003000 08:01 401356     /usr/lib/i386-linux-gnu/libXfixes.so.3.1.0
6f207000-6f208000 rw-p 00004000 08:01 401356     /usr/lib/i386-linux-gnu/libXfixes.so.3.1.0
6f208000-6f209000 ---p 00000000 00:00 0 
6f209000-6f298000 rw-p 00000000 00:00 0          [stack:23613]
6f298000-6f2a9000 rw-p 00000000 00:00 0 
6f2a9000-6f2c1000 rw-p 00000000 00:00 0 
6f2c1000-6f3ff000 rw-p 00000000 00:00 0 
6f3ff000-6f40e000 rw-p 00000000 00:00 0 
6f40e000-6f41f000 rw-p 00000000 00:00 0 
6f41f000-6f437000 rw-p 00000000 00:00 0 
6f437000-6f574000 rw-p 00000000 00:00 0 
6f574000-6f58d000 rw-p 00000000 00:00 0 
6f58d000-6f5c2000 ---p 00000000 00:00 0 
6f5c2000-6f61f000 rw-p 00000000 00:00 0 
6f61f000-71360000 rw-p 00000000 00:00 0 
71360000-73620000 rw-p 00000000 00:00 0 
73620000-76490000 rw-p 00000000 00:00 0 
76490000-9e0d0000 rw-p 00000000 00:00 0 
9e0d0000-a1080000 rw-p 00000000 00:00 0 
a1080000-a7a50000 ---p 00000000 00:00 0 
a7a50000-b3620000 rw-p 00000000 00:00 0 
b3620000-b3625000 r-xp 00000000 08:01 393904     /usr/lib/i386-linux-gnu/libXdmcp.so.6.0.0
b3625000-b3626000 r--p 00004000 08:01 393904     /usr/lib/i386-linux-gnu/libXdmcp.so.6.0.0
b3626000-b3627000 rw-p 00005000 08:01 393904     /usr/lib/i386-linux-gnu/libXdmcp.so.6.0.0
b3627000-b3630000 rw-p 00000000 00:00 0 
b3630000-b36e7000 rw-p 00000000 00:00 0 
b36e7000-b3927000 rwxp 00000000 00:00 0 
b3927000-b66e7000 rw-p 00000000 00:00 0 
b66e7000-b66fc000 r-xp 00000000 08:01 2624547    /lib/i386-linux-gnu/libnsl-2.17.so
b66fc000-b66fd000 r--p 00014000 08:01 2624547    /lib/i386-linux-gnu/libnsl-2.17.so
b66fd000-b66fe000 rw-p 00015000 08:01 2624547    /lib/i386-linux-gnu/libnsl-2.17.so
b66fe000-b6700000 rw-p 00000000 00:00 0 
b6700000-b67fd000 rw-p 00000000 00:00 0 
b67fd000-b6800000 ---p 00000000 00:00 0 
b6800000-b6802000 r-xp 00000000 08:01 396527     /usr/lib/i386-linux-gnu/libXau.so.6.0.0
b6802000-b6803000 r--p 00001000 08:01 396527     /usr/lib/i386-linux-gnu/libXau.so.6.0.0
b6803000-b6804000 rw-p 00002000 08:01 396527     /usr/lib/i386-linux-gnu/libXau.so.6.0.0
b6804000-b6809000 r-xp 00000000 08:01 393971     /usr/lib/i386-linux-gnu/libXtst.so.6.1.0
b6809000-b680a000 r--p 00004000 08:01 393971     /usr/lib/i386-linux-gnu/libXtst.so.6.1.0
b680a000-b680b000 rw-p 00005000 08:01 393971     /usr/lib/i386-linux-gnu/libXtst.so.6.1.0
b680b000-b6816000 r-xp 00000000 08:01 2628327    /lib/i386-linux-gnu/libnss_files-2.17.so
b6816000-b6817000 r--p 0000a000 08:01 2628327    /lib/i386-linux-gnu/libnss_files-2.17.so
b6817000-b6818000 rw-p 0000b000 08:01 2628327    /lib/i386-linux-gnu/libnss_files-2.17.so
b6818000-b6821000 r-xp 00000000 08:01 395707     /usr/lib/i386-linux-gnu/libXrender.so.1.3.0
b6821000-b6822000 r--p 00008000 08:01 395707     /usr/lib/i386-linux-gnu/libXrender.so.1.3.0
b6822000-b6823000 rw-p 00009000 08:01 395707     /usr/lib/i386-linux-gnu/libXrender.so.1.3.0
b6823000-b683a000 r-xp 00000000 08:01 1334748    /usr/lib/jvm/jdk1.7.0_03/jre/lib/i386/libzip.so
b683a000-b683b000 rw-p 00017000 08:01 1334748    /usr/lib/jvm/jdk1.7.0_03/jre/lib/i386/libzip.so
b683b000-b6843000 rw-s 00000000 08:01 262207     /tmp/hsperfdata_guil/23611 (deleted)
b6843000-b6866000 r-xp 00000000 08:01 1334740    /usr/lib/jvm/jdk1.7.0_03/jre/lib/i386/libjava.so
b6866000-b6867000 rw-p 00023000 08:01 1334740    /usr/lib/jvm/jdk1.7.0_03/jre/lib/i386/libjava.so
b6867000-b686e000 r-xp 00000000 08:01 2624512    /lib/i386-linux-gnu/librt-2.17.so
b686e000-b686f000 r--p 00006000 08:01 2624512    /lib/i386-linux-gnu/librt-2.17.so
b686f000-b6870000 rw-p 00007000 08:01 2624512    /lib/i386-linux-gnu/librt-2.17.so
b6870000-b6873000 ---p 00000000 00:00 0 
b6873000-b68c1000 rw-p 00000000 00:00 0          [stack:23612]
b68c1000-b6902000 r-xp 00000000 08:01 2625931    /lib/i386-linux-gnu/libm-2.17.so
b6902000-b6903000 r--p 00040000 08:01 2625931    /lib/i386-linux-gnu/libm-2.17.so
b6903000-b6904000 rw-p 00041000 08:01 2625931    /lib/i386-linux-gnu/libm-2.17.so
b6904000-b7072000 r-xp 00000000 08:01 1334728    /usr/lib/jvm/jdk1.7.0_03/jre/lib/i386/server/libjvm.so
b7072000-b70c1000 rw-p 0076d000 08:01 1334728    /usr/lib/jvm/jdk1.7.0_03/jre/lib/i386/server/libjvm.so
b70c1000-b74e1000 rw-p 00000000 00:00 0 
b74e1000-b768f000 r-xp 00000000 08:01 2625471    /lib/i386-linux-gnu/libc-2.17.so
b768f000-b7691000 r--p 001ae000 08:01 2625471    /lib/i386-linux-gnu/libc-2.17.so
b7691000-b7692000 rw-p 001b0000 08:01 2625471    /lib/i386-linux-gnu/libc-2.17.so
b7692000-b7695000 rw-p 00000000 00:00 0 
b7695000-b7698000 r-xp 00000000 08:01 2625539    /lib/i386-linux-gnu/libdl-2.17.so
b7698000-b7699000 r--p 00002000 08:01 2625539    /lib/i386-linux-gnu/libdl-2.17.so
b7699000-b769a000 rw-p 00003000 08:01 2625539    /lib/i386-linux-gnu/libdl-2.17.so
b769a000-b769b000 rw-p 00000000 00:00 0 
b769b000-b76ae000 r-xp 00000000 08:01 1334714    /usr/lib/jvm/jdk1.7.0_03/jre/lib/i386/jli/libjli.so
b76ae000-b76af000 rw-p 00012000 08:01 1334714    /usr/lib/jvm/jdk1.7.0_03/jre/lib/i386/jli/libjli.so
b76af000-b76c6000 r-xp 00000000 08:01 2625925    /lib/i386-linux-gnu/libpthread-2.17.so
b76c6000-b76c7000 r--p 00016000 08:01 2625925    /lib/i386-linux-gnu/libpthread-2.17.so
b76c7000-b76c8000 rw-p 00017000 08:01 2625925    /lib/i386-linux-gnu/libpthread-2.17.so
b76c8000-b76ca000 rw-p 00000000 00:00 0 
b76ca000-b76cb000 r--s 00000000 00:14 6461854    /run/user/1000/dconf/user
b76cb000-b76cf000 r--s 00088000 08:01 1334004    /usr/lib/jvm/jdk1.7.0_03/jre/lib/jsse.jar
b76cf000-b76d0000 r--p 002c5000 08:01 396388     /usr/lib/locale/locale-archive
b76d0000-b76d1000 r--p 002bd000 08:01 396388     /usr/lib/locale/locale-archive
b76d1000-b76db000 r-xp 00000000 08:01 2626135    /lib/i386-linux-gnu/libnss_nis-2.17.so
b76db000-b76dc000 r--p 00009000 08:01 2626135    /lib/i386-linux-gnu/libnss_nis-2.17.so
b76dc000-b76dd000 rw-p 0000a000 08:01 2626135    /lib/i386-linux-gnu/libnss_nis-2.17.so
b76dd000-b76e4000 r-xp 00000000 08:01 2625904    /lib/i386-linux-gnu/libnss_compat-2.17.so
b76e4000-b76e5000 r--p 00006000 08:01 2625904    /lib/i386-linux-gnu/libnss_compat-2.17.so
b76e5000-b76e6000 rw-p 00007000 08:01 2625904    /lib/i386-linux-gnu/libnss_compat-2.17.so
b76e6000-b76e7000 rw-p 00000000 00:00 0 
b76e7000-b76e8000 ---p 00000000 00:00 0 
b76e8000-b76f4000 r-xp 00000000 08:01 1334752    /usr/lib/jvm/jdk1.7.0_03/jre/lib/i386/libverify.so
b76f4000-b76f5000 rw-p 0000c000 08:01 1334752    /usr/lib/jvm/jdk1.7.0_03/jre/lib/i386/libverify.so
b76f5000-b76f7000 rw-p 00000000 00:00 0 
b76f7000-b76f8000 r-xp 00000000 00:00 0          [vdso]
b76f8000-b7718000 r-xp 00000000 08:01 2624574    /lib/i386-linux-gnu/ld-2.17.so
b7718000-b7719000 r--p 0001f000 08:01 2624574    /lib/i386-linux-gnu/ld-2.17.so
b7719000-b771a000 rw-p 00020000 08:01 2624574    /lib/i386-linux-gnu/ld-2.17.so
bf87d000-bf89e000 rw-p 00000000 00:00 0          [stack]

VM Arguments:
java_command: /home/guil/Developpement/git/pmsqueak/premiumMarkets/pm-uiinstall/target/pminstall-allinone.jar
Launcher Type: SUN_STANDARD

Environment Variables:
JAVA_HOME=/usr/lib/jvm/jdk1.7.0_03
JRE_HOME=/usr/lib/jvm/jdk1.6.0_45/jre
PATH=/usr/local/opt/Prgs/apache-maven-3.0.4/bin:/usr/local/opt/thunderbird/:/home/guil/bin:/usr/lib/lightdm/lightdm:/usr/local/sbin:/usr/local/bin:/usr/sbin:/usr/bin:/sbin:/bin:/usr/games:/usr/local/games:/opt/real/RealPlayer
SHELL=/bin/bash
DISPLAY=:0

Signal Handlers:
SIGSEGV: [libjvm.so+0x6e2860], sa_mask[0]=0x7ffbfeff, sa_flags=0x10000004
SIGBUS: [libjvm.so+0x6e2860], sa_mask[0]=0x7ffbfeff, sa_flags=0x10000004
SIGFPE: [libjvm.so+0x5a3810], sa_mask[0]=0x7ffbfeff, sa_flags=0x10000004
SIGPIPE: SIG_IGN, sa_mask[0]=0x00001000, sa_flags=0x10000000
SIGXFSZ: [libjvm.so+0x5a3810], sa_mask[0]=0x7ffbfeff, sa_flags=0x10000004
SIGILL: [libjvm.so+0x5a3810], sa_mask[0]=0x7ffbfeff, sa_flags=0x10000004
SIGUSR1: SIG_DFL, sa_mask[0]=0x00000000, sa_flags=0x00000000
SIGUSR2: [libjvm.so+0x5a3110], sa_mask[0]=0x00000000, sa_flags=0x10000004
SIGHUP: [libjvm.so+0x5a56e0], sa_mask[0]=0x7ffbfeff, sa_flags=0x10000004
SIGINT: [libjvm.so+0x5a56e0], sa_mask[0]=0x7ffbfeff, sa_flags=0x10000004
SIGTERM: [libjvm.so+0x5a56e0], sa_mask[0]=0x7ffbfeff, sa_flags=0x10000004
SIGQUIT: [libjvm.so+0x5a56e0], sa_mask[0]=0x7ffbfeff, sa_flags=0x10000004


---------------  S Y S T E M  ---------------

OS:wheezy/sid

uname:Linux 3.11.0-18-generic #32-Ubuntu SMP Tue Feb 18 21:13:28 UTC 2014 i686
libc:glibc 2.17 NPTL 2.17 
rlimit: STACK 8192k, CORE 0k, NPROC 48213, NOFILE 4096, AS infinity
load average:1.92 1.01 0.67

/proc/meminfo:
MemTotal:        6195924 kB
MemFree:          413868 kB
Buffers:          240924 kB
Cached:          1381476 kB
SwapCached:       177628 kB
Active:          3993916 kB
Inactive:        1489080 kB
Active(anon):    3204664 kB
Inactive(anon):   706592 kB
Active(file):     789252 kB
Inactive(file):   782488 kB
Unevictable:          92 kB
Mlocked:              92 kB
HighTotal:       5366664 kB
HighFree:         198520 kB
LowTotal:         829260 kB
LowFree:          215348 kB
SwapTotal:       6787456 kB
SwapFree:        5711528 kB
Dirty:              1052 kB
Writeback:             0 kB
AnonPages:       3816044 kB
Mapped:           201632 kB
Shmem:             50380 kB
Slab:             211116 kB
SReclaimable:     178308 kB
SUnreclaim:        32808 kB
KernelStack:        5992 kB
PageTables:        20140 kB
NFS_Unstable:          0 kB
Bounce:                0 kB
WritebackTmp:          0 kB
CommitLimit:     9885416 kB
Committed_AS:    8589140 kB
VmallocTotal:     122880 kB
VmallocUsed:       54628 kB
VmallocChunk:      54836 kB
HardwareCorrupted:     0 kB
AnonHugePages:         0 kB
HugePages_Total:       0
HugePages_Free:        0
HugePages_Rsvd:        0
HugePages_Surp:        0
Hugepagesize:       2048 kB
DirectMap4k:      811000 kB
DirectMap2M:      102400 kB


CPU:total 8 (4 cores per cpu, 2 threads per core) family 6 model 30 stepping 5, cmov, cx8, fxsr, mmx, sse, sse2, sse3, ssse3, sse4.1, sse4.2, popcnt, ht

/proc/cpuinfo:
processor	: 0
vendor_id	: GenuineIntel
cpu family	: 6
model		: 30
model name	: Intel(R) Core(TM) i7 CPU       Q 740  @ 1.73GHz
stepping	: 5
microcode	: 0x3
cpu MHz		: 1734.000
cache size	: 6144 KB
physical id	: 0
siblings	: 8
core id		: 0
cpu cores	: 4
apicid		: 0
initial apicid	: 0
fdiv_bug	: no
f00f_bug	: no
coma_bug	: no
fpu		: yes
fpu_exception	: yes
cpuid level	: 11
wp		: yes
flags		: fpu vme de pse tsc msr pae mce cx8 apic sep mtrr pge mca cmov pat pse36 clflush dts acpi mmx fxsr sse sse2 ss ht tm pbe nx rdtscp lm constant_tsc arch_perfmon pebs bts xtopology nonstop_tsc aperfmperf pni dtes64 monitor ds_cpl vmx smx est tm2 ssse3 cx16 xtpr pdcm sse4_1 sse4_2 popcnt lahf_lm ida dtherm tpr_shadow vnmi flexpriority ept vpid
bogomips	: 3458.07
clflush size	: 64
cache_alignment	: 64
address sizes	: 36 bits physical, 48 bits virtual
power management:

processor	: 1
vendor_id	: GenuineIntel
cpu family	: 6
model		: 30
model name	: Intel(R) Core(TM) i7 CPU       Q 740  @ 1.73GHz
stepping	: 5
microcode	: 0x3
cpu MHz		: 933.000
cache size	: 6144 KB
physical id	: 0
siblings	: 8
core id		: 1
cpu cores	: 4
apicid		: 2
initial apicid	: 2
fdiv_bug	: no
f00f_bug	: no
coma_bug	: no
fpu		: yes
fpu_exception	: yes
cpuid level	: 11
wp		: yes
flags		: fpu vme de pse tsc msr pae mce cx8 apic sep mtrr pge mca cmov pat pse36 clflush dts acpi mmx fxsr sse sse2 ss ht tm pbe nx rdtscp lm constant_tsc arch_perfmon pebs bts xtopology nonstop_tsc aperfmperf pni dtes64 monitor ds_cpl vmx smx est tm2 ssse3 cx16 xtpr pdcm sse4_1 sse4_2 popcnt lahf_lm ida dtherm tpr_shadow vnmi flexpriority ept vpid
bogomips	: 3458.07
clflush size	: 64
cache_alignment	: 64
address sizes	: 36 bits physical, 48 bits virtual
power management:

processor	: 2
vendor_id	: GenuineIntel
cpu family	: 6
model		: 30
model name	: Intel(R) Core(TM) i7 CPU       Q 740  @ 1.73GHz
stepping	: 5
microcode	: 0x3
cpu MHz		: 1734.000
cache size	: 6144 KB
physical id	: 0
siblings	: 8
core id		: 2
cpu cores	: 4
apicid		: 4
initial apicid	: 4
fdiv_bug	: no
f00f_bug	: no
coma_bug	: no
fpu		: yes
fpu_exception	: yes
cpuid level	: 11
wp		: yes
flags		: fpu vme de pse tsc msr pae mce cx8 apic sep mtrr pge mca cmov pat pse36 clflush dts acpi mmx fxsr sse sse2 ss ht tm pbe nx rdtscp lm constant_tsc arch_perfmon pebs bts xtopology nonstop_tsc aperfmperf pni dtes64 monitor ds_cpl vmx smx est tm2 ssse3 cx16 xtpr pdcm sse4_1 sse4_2 popcnt lahf_lm ida dtherm tpr_shadow vnmi flexpriority ept vpid
bogomips	: 3458.07
clflush size	: 64
cache_alignment	: 64
address sizes	: 36 bits physical, 48 bits virtual
power management:

processor	: 3
vendor_id	: GenuineIntel
cpu family	: 6
model		: 30
model name	: Intel(R) Core(TM) i7 CPU       Q 740  @ 1.73GHz
stepping	: 5
microcode	: 0x3
cpu MHz		: 1734.000
cache size	: 6144 KB
physical id	: 0
siblings	: 8
core id		: 3
cpu cores	: 4
apicid		: 6
initial apicid	: 6
fdiv_bug	: no
f00f_bug	: no
coma_bug	: no
fpu		: yes
fpu_exception	: yes
cpuid level	: 11
wp		: yes
flags		: fpu vme de pse tsc msr pae mce cx8 apic sep mtrr pge mca cmov pat pse36 clflush dts acpi mmx fxsr sse sse2 ss ht tm pbe nx rdtscp lm constant_tsc arch_perfmon pebs bts xtopology nonstop_tsc aperfmperf pni dtes64 monitor ds_cpl vmx smx est tm2 ssse3 cx16 xtpr pdcm sse4_1 sse4_2 popcnt lahf_lm ida dtherm tpr_shadow vnmi flexpriority ept vpid
bogomips	: 3458.07
clflush size	: 64
cache_alignment	: 64
address sizes	: 36 bits physical, 48 bits virtual
power management:

processor	: 4
vendor_id	: GenuineIntel
cpu family	: 6
model		: 30
model name	: Intel(R) Core(TM) i7 CPU       Q 740  @ 1.73GHz
stepping	: 5
microcode	: 0x3
cpu MHz		: 1734.000
cache size	: 6144 KB
physical id	: 0
siblings	: 8
core id		: 0
cpu cores	: 4
apicid		: 1
initial apicid	: 1
fdiv_bug	: no
f00f_bug	: no
coma_bug	: no
fpu		: yes
fpu_exception	: yes
cpuid level	: 11
wp		: yes
flags		: fpu vme de pse tsc msr pae mce cx8 apic sep mtrr pge mca cmov pat pse36 clflush dts acpi mmx fxsr sse sse2 ss ht tm pbe nx rdtscp lm constant_tsc arch_perfmon pebs bts xtopology nonstop_tsc aperfmperf pni dtes64 monitor ds_cpl vmx smx est tm2 ssse3 cx16 xtpr pdcm sse4_1 sse4_2 popcnt lahf_lm ida dtherm tpr_shadow vnmi flexpriority ept vpid
bogomips	: 3458.07
clflush size	: 64
cache_alignment	: 64
address sizes	: 36 bits physical, 48 bits virtual
power management:

processor	: 5
vendor_id	: GenuineIntel
cpu family	: 6
model		: 30
model name	: Intel(R) Core(TM) i7 CPU       Q 740  @ 1.73GHz
stepping	: 5
microcode	: 0x3
cpu MHz		: 1734.000
cache size	: 6144 KB
physical id	: 0
siblings	: 8
core id		: 1
cpu cores	: 4
apicid		: 3
initial apicid	: 3
fdiv_bug	: no
f00f_bug	: no
coma_bug	: no
fpu		: yes
fpu_exception	: yes
cpuid level	: 11
wp		: yes
flags		: fpu vme de pse tsc msr pae mce cx8 apic sep mtrr pge mca cmov pat pse36 clflush dts acpi mmx fxsr sse sse2 ss ht tm pbe nx rdtscp lm constant_tsc arch_perfmon pebs bts xtopology nonstop_tsc aperfmperf pni dtes64 monitor ds_cpl vmx smx est tm2 ssse3 cx16 xtpr pdcm sse4_1 sse4_2 popcnt lahf_lm ida dtherm tpr_shadow vnmi flexpriority ept vpid
bogomips	: 3458.07
clflush size	: 64
cache_alignment	: 64
address sizes	: 36 bits physical, 48 bits virtual
power management:

processor	: 6
vendor_id	: GenuineIntel
cpu family	: 6
model		: 30
model name	: Intel(R) Core(TM) i7 CPU       Q 740  @ 1.73GHz
stepping	: 5
microcode	: 0x3
cpu MHz		: 1734.000
cache size	: 6144 KB
physical id	: 0
siblings	: 8
core id		: 2
cpu cores	: 4
apicid		: 5
initial apicid	: 5
fdiv_bug	: no
f00f_bug	: no
coma_bug	: no
fpu		: yes
fpu_exception	: yes
cpuid level	: 11
wp		: yes
flags		: fpu vme de pse tsc msr pae mce cx8 apic sep mtrr pge mca cmov pat pse36 clflush dts acpi mmx fxsr sse sse2 ss ht tm pbe nx rdtscp lm constant_tsc arch_perfmon pebs bts xtopology nonstop_tsc aperfmperf pni dtes64 monitor ds_cpl vmx smx est tm2 ssse3 cx16 xtpr pdcm sse4_1 sse4_2 popcnt lahf_lm ida dtherm tpr_shadow vnmi flexpriority ept vpid
bogomips	: 3458.07
clflush size	: 64
cache_alignment	: 64
address sizes	: 36 bits physical, 48 bits virtual
power management:

processor	: 7
vendor_id	: GenuineIntel
cpu family	: 6
model		: 30
model name	: Intel(R) Core(TM) i7 CPU       Q 740  @ 1.73GHz
stepping	: 5
microcode	: 0x3
cpu MHz		: 1734.000
cache size	: 6144 KB
physical id	: 0
siblings	: 8
core id		: 3
cpu cores	: 4
apicid		: 7
initial apicid	: 7
fdiv_bug	: no
f00f_bug	: no
coma_bug	: no
fpu		: yes
fpu_exception	: yes
cpuid level	: 11
wp		: yes
flags		: fpu vme de pse tsc msr pae mce cx8 apic sep mtrr pge mca cmov pat pse36 clflush dts acpi mmx fxsr sse sse2 ss ht tm pbe nx rdtscp lm constant_tsc arch_perfmon pebs bts xtopology nonstop_tsc aperfmperf pni dtes64 monitor ds_cpl vmx smx est tm2 ssse3 cx16 xtpr pdcm sse4_1 sse4_2 popcnt lahf_lm ida dtherm tpr_shadow vnmi flexpriority ept vpid
bogomips	: 3458.07
clflush size	: 64
cache_alignment	: 64
address sizes	: 36 bits physical, 48 bits virtual
power management:



Memory: 4k page, physical 6195924k(413868k free), swap 6787456k(5711528k free)

vm_info: Java HotSpot(TM) Server VM (22.1-b02) for linux-x86 JRE (1.7.0_03-b04), built on Jan 20 2012 10:08:12 by "java_re" with gcc 4.3.0 20080428 (Red Hat 4.3.0-8)

time: Sat Mar  1 15:30:05 2014
elapsed time: 59 seconds

