----------------------------------------------------------------
Wed Jan 22 23:00:46 GMT 2014:
Booting Derby version The Apache Software Foundation - Apache Derby - 10.9.1.0 - (1344872): instance a816c00e-0143-bc2f-2f3d-0000045c3b18 
on database directory /home/guil/Developpement/Quotes/premiummarkets  with class loader sun.misc.Launcher$AppClassLoader@bf9a12 
Loaded from file:/home/guil/.m2/repository/org/apache/derby/derby/10.9.1.0/derby-10.9.1.0.jar
java.vendor=Oracle Corporation
java.runtime.version=1.7.0_03-b04
user.dir=/home/guil/Developpement/git/pmsqueak/premiumMarkets/pm-ui
derby.system.home=null
Database Class Loader started - derby.database.classpath=''
Wed Jan 22 23:13:24 GMT 2014 Thread[pool-2-thread-5,5,main] (XID = 393345300), (SESSIONID = 16), (DATABASE = ./premiummarkets), (DRDAID = null), Cleanup action starting
Wed Jan 22 23:13:24 GMT 2014 Thread[pool-2-thread-5,5,main] (XID = 393345300), (SESSIONID = 16), (DATABASE = ./premiummarkets), (DRDAID = null), Failed Statement is: select distinct QUOTATIONS.* from QUOTATIONS where QUOTATIONS.SYMBOL = ? AND QUOTATIONS.ISIN = ?  AND DATE <  ? order by date desc with 3 parameters begin parameter #1: CVS :end parameter begin parameter #2: CVS :end parameter begin parameter #3: 2013-01-22 :end parameter 
ERROR 08000: Connection closed by unknown interrupt.
	at org.apache.derby.iapi.error.StandardException.newException(Unknown Source)
	at org.apache.derby.iapi.util.InterruptStatus.setInterrupted(Unknown Source)
	at org.apache.derby.impl.store.raw.data.RAFContainer4.recoverContainerAfterInterrupt(Unknown Source)
	at org.apache.derby.impl.store.raw.data.RAFContainer4.handleClosedChannel(Unknown Source)
	at org.apache.derby.impl.store.raw.data.RAFContainer4.readPage(Unknown Source)
	at org.apache.derby.impl.store.raw.data.RAFContainer4.readPage(Unknown Source)
	at org.apache.derby.impl.store.raw.data.CachedPage.readPage(Unknown Source)
	at org.apache.derby.impl.store.raw.data.CachedPage.setIdentity(Unknown Source)
	at org.apache.derby.impl.services.cache.ConcurrentCache.find(Unknown Source)
	at org.apache.derby.impl.store.raw.data.FileContainer.getUserPage(Unknown Source)
	at org.apache.derby.impl.store.raw.data.FileContainer.getPage(Unknown Source)
	at org.apache.derby.impl.store.raw.data.BaseContainerHandle.getPage(Unknown Source)
	at org.apache.derby.impl.store.access.conglomerate.OpenConglomerate.latchPage(Unknown Source)
	at org.apache.derby.impl.store.access.conglomerate.GenericConglomerateController.fetch(Unknown Source)
	at org.apache.derby.impl.sql.execute.IndexRowToBaseRowResultSet.getNextRowCore(Unknown Source)
	at org.apache.derby.impl.sql.execute.ProjectRestrictResultSet.getNextRowCore(Unknown Source)
	at org.apache.derby.impl.sql.execute.SortResultSet.getRowFromResultSet(Unknown Source)
	at org.apache.derby.impl.sql.execute.SortResultSet.getNextRowFromRS(Unknown Source)
	at org.apache.derby.impl.sql.execute.SortResultSet.loadSorter(Unknown Source)
	at org.apache.derby.impl.sql.execute.SortResultSet.openCore(Unknown Source)
	at org.apache.derby.impl.sql.execute.BasicNoPutResultSetImpl.open(Unknown Source)
	at org.apache.derby.impl.sql.GenericPreparedStatement.executeStmt(Unknown Source)
	at org.apache.derby.impl.sql.GenericPreparedStatement.execute(Unknown Source)
	at org.apache.derby.impl.jdbc.EmbedStatement.executeStatement(Unknown Source)
	at org.apache.derby.impl.jdbc.EmbedPreparedStatement.executeStatement(Unknown Source)
	at org.apache.derby.impl.jdbc.EmbedPreparedStatement.executeQuery(Unknown Source)
	at com.finance.pms.datasources.db.DataSource.executeQuery(DataSource.java:963)
	at com.finance.pms.datasources.db.DataSource.loadNStripedQuotationsBefore(DataSource.java:518)
	at com.finance.pms.events.quotations.Quotations.retreiveQuotationsData(Quotations.java:190)
	at com.finance.pms.events.quotations.Quotations.init(Quotations.java:112)
	at com.finance.pms.events.quotations.Quotations.<init>(Quotations.java:78)
	at com.finance.pms.events.quotations.ClosedDayQuotationsFactory.getQuotationsInstance(ClosedDayQuotationsFactory.java:49)
	at com.finance.pms.portfolio.gui.PortfolioComposite$16.run(PortfolioComposite.java:1106)
	at java.util.concurrent.Executors$RunnableAdapter.call(Executors.java:471)
	at java.util.concurrent.FutureTask$Sync.innerRun(FutureTask.java:334)
	at java.util.concurrent.FutureTask.run(FutureTask.java:166)
	at java.util.concurrent.ThreadPoolExecutor.runWorker(ThreadPoolExecutor.java:1110)
	at java.util.concurrent.ThreadPoolExecutor$Worker.run(ThreadPoolExecutor.java:603)
	at java.lang.Thread.run(Thread.java:722)
Wed Jan 22 23:13:24 GMT 2014 Thread[pool-2-thread-3,5,main] (XID = 393345298), (SESSIONID = 7), (DATABASE = ./premiummarkets), (DRDAID = null), Cleanup action starting
Wed Jan 22 23:13:24 GMT 2014 Thread[pool-2-thread-3,5,main] (XID = 393345298), (SESSIONID = 7), (DATABASE = ./premiummarkets), (DRDAID = null), Failed Statement is: select distinct QUOTATIONS.* from QUOTATIONS where QUOTATIONS.SYMBOL = ? AND QUOTATIONS.ISIN = ?  AND DATE <  ? order by date desc with 3 parameters begin parameter #1: CAT :end parameter begin parameter #2: CAT :end parameter begin parameter #3: 2013-01-22 :end parameter 
ERROR 08000: Connection closed by unknown interrupt.
	at org.apache.derby.iapi.error.StandardException.newException(Unknown Source)
	at org.apache.derby.iapi.util.InterruptStatus.setInterrupted(Unknown Source)
	at org.apache.derby.impl.store.raw.data.RAFContainer4.awaitRestoreChannel(Unknown Source)
	at org.apache.derby.impl.store.raw.data.RAFContainer4.handleClosedChannel(Unknown Source)
	at org.apache.derby.impl.store.raw.data.RAFContainer4.readPage(Unknown Source)
	at org.apache.derby.impl.store.raw.data.RAFContainer4.readPage(Unknown Source)
	at org.apache.derby.impl.store.raw.data.CachedPage.readPage(Unknown Source)
	at org.apache.derby.impl.store.raw.data.CachedPage.setIdentity(Unknown Source)
	at org.apache.derby.impl.services.cache.ConcurrentCache.find(Unknown Source)
	at org.apache.derby.impl.store.raw.data.FileContainer.getUserPage(Unknown Source)
	at org.apache.derby.impl.store.raw.data.FileContainer.getPage(Unknown Source)
	at org.apache.derby.impl.store.raw.data.BaseContainerHandle.getPage(Unknown Source)
	at org.apache.derby.impl.store.access.conglomerate.OpenConglomerate.latchPage(Unknown Source)
	at org.apache.derby.impl.store.access.conglomerate.GenericConglomerateController.fetch(Unknown Source)
	at org.apache.derby.impl.sql.execute.IndexRowToBaseRowResultSet.getNextRowCore(Unknown Source)
	at org.apache.derby.impl.sql.execute.ProjectRestrictResultSet.getNextRowCore(Unknown Source)
	at org.apache.derby.impl.sql.execute.SortResultSet.getRowFromResultSet(Unknown Source)
	at org.apache.derby.impl.sql.execute.SortResultSet.getNextRowFromRS(Unknown Source)
	at org.apache.derby.impl.sql.execute.SortResultSet.loadSorter(Unknown Source)
	at org.apache.derby.impl.sql.execute.SortResultSet.openCore(Unknown Source)
	at org.apache.derby.impl.sql.execute.BasicNoPutResultSetImpl.open(Unknown Source)
	at org.apache.derby.impl.sql.GenericPreparedStatement.executeStmt(Unknown Source)
	at org.apache.derby.impl.sql.GenericPreparedStatement.execute(Unknown Source)
	at org.apache.derby.impl.jdbc.EmbedStatement.executeStatement(Unknown Source)
	at org.apache.derby.impl.jdbc.EmbedPreparedStatement.executeStatement(Unknown Source)
	at org.apache.derby.impl.jdbc.EmbedPreparedStatement.executeQuery(Unknown Source)
	at com.finance.pms.datasources.db.DataSource.executeQuery(DataSource.java:963)
	at com.finance.pms.datasources.db.DataSource.loadNStripedQuotationsBefore(DataSource.java:518)
	at com.finance.pms.events.quotations.Quotations.retreiveQuotationsData(Quotations.java:190)
	at com.finance.pms.events.quotations.Quotations.init(Quotations.java:112)
	at com.finance.pms.events.quotations.Quotations.<init>(Quotations.java:78)
	at com.finance.pms.events.quotations.ClosedDayQuotationsFactory.getQuotationsInstance(ClosedDayQuotationsFactory.java:49)
	at com.finance.pms.portfolio.gui.PortfolioComposite$16.run(PortfolioComposite.java:1106)
	at java.util.concurrent.Executors$RunnableAdapter.call(Executors.java:471)
	at java.util.concurrent.FutureTask$Sync.innerRun(FutureTask.java:334)
	at java.util.concurrent.FutureTask.run(FutureTask.java:166)
	at java.util.concurrent.ThreadPoolExecutor.runWorker(ThreadPoolExecutor.java:1110)
	at java.util.concurrent.ThreadPoolExecutor$Worker.run(ThreadPoolExecutor.java:603)
	at java.lang.Thread.run(Thread.java:722)
Cleanup action completed
Wed Jan 22 23:13:24 GMT 2014 Thread[pool-2-thread-1,5,main] (XID = 393345278), (SESSIONID = 14), (DATABASE = ./premiummarkets), (DRDAID = null), Cleanup action starting
Wed Jan 22 23:13:24 GMT 2014 Thread[pool-2-thread-1,5,main] (XID = 393345278), (SESSIONID = 14), (DATABASE = ./premiummarkets), (DRDAID = null), Failed Statement is: select distinct QUOTATIONS.* from QUOTATIONS where QUOTATIONS.SYMBOL = ? AND QUOTATIONS.ISIN = ?  AND DATE <  ? order by date desc with 3 parameters begin parameter #1: CVX :end parameter begin parameter #2: CVX :end parameter begin parameter #3: 2013-01-22 :end parameter 
ERROR 08000: Connection closed by unknown interrupt.
	at org.apache.derby.iapi.error.StandardException.newException(Unknown Source)
	at org.apache.derby.iapi.util.InterruptStatus.setInterrupted(Unknown Source)
	at org.apache.derby.iapi.util.InterruptStatus.throwIf(Unknown Source)
	at org.apache.derby.impl.sql.execute.BasicNoPutResultSetImpl.checkCancellationFlag(Unknown Source)
	at org.apache.derby.impl.sql.execute.BulkTableScanResultSet.getNextRowCore(Unknown Source)
	at org.apache.derby.impl.sql.execute.IndexRowToBaseRowResultSet.getNextRowCore(Unknown Source)
	at org.apache.derby.impl.sql.execute.ProjectRestrictResultSet.getNextRowCore(Unknown Source)
	at org.apache.derby.impl.sql.execute.SortResultSet.getRowFromResultSet(Unknown Source)
	at org.apache.derby.impl.sql.execute.SortResultSet.getNextRowFromRS(Unknown Source)
	at org.apache.derby.impl.sql.execute.SortResultSet.loadSorter(Unknown Source)
	at org.apache.derby.impl.sql.execute.SortResultSet.openCore(Unknown Source)
	at org.apache.derby.impl.sql.execute.BasicNoPutResultSetImpl.open(Unknown Source)
	at org.apache.derby.impl.sql.GenericPreparedStatement.executeStmt(Unknown Source)
	at org.apache.derby.impl.sql.GenericPreparedStatement.execute(Unknown Source)
	at org.apache.derby.impl.jdbc.EmbedStatement.executeStatement(Unknown Source)
	at org.apache.derby.impl.jdbc.EmbedPreparedStatement.executeStatement(Unknown Source)
	at org.apache.derby.impl.jdbc.EmbedPreparedStatement.executeQuery(Unknown Source)
	at com.finance.pms.datasources.db.DataSource.executeQuery(DataSource.java:963)
	at com.finance.pms.datasources.db.DataSource.loadNStripedQuotationsBefore(DataSource.java:518)
	at com.finance.pms.events.quotations.Quotations.retreiveQuotationsData(Quotations.java:190)
	at com.finance.pms.events.quotations.Quotations.init(Quotations.java:112)
	at com.finance.pms.events.quotations.Quotations.<init>(Quotations.java:78)
	at com.finance.pms.events.quotations.ClosedDayQuotationsFactory.getQuotationsInstance(ClosedDayQuotationsFactory.java:49)
	at com.finance.pms.portfolio.gui.PortfolioComposite$16.run(PortfolioComposite.java:1106)
	at java.util.concurrent.Executors$RunnableAdapter.call(Executors.java:471)
	at java.util.concurrent.FutureTask$Sync.innerRun(FutureTask.java:334)
	at java.util.concurrent.FutureTask.run(FutureTask.java:166)
	at java.util.concurrent.ThreadPoolExecutor.runWorker(ThreadPoolExecutor.java:1110)
	at java.util.concurrent.ThreadPoolExecutor$Worker.run(ThreadPoolExecutor.java:603)
	at java.lang.Thread.run(Thread.java:722)
Cleanup action completed
Wed Jan 22 23:13:24 GMT 2014 Thread[pool-2-thread-2,5,main] (XID = 393345302), (SESSIONID = 20), (DATABASE = ./premiummarkets), (DRDAID = null), Cleanup action starting
Wed Jan 22 23:13:24 GMT 2014 Thread[pool-2-thread-2,5,main] (XID = 393345302), (SESSIONID = 20), (DATABASE = ./premiummarkets), (DRDAID = null), Failed Statement is: select distinct QUOTATIONS.* from QUOTATIONS where QUOTATIONS.SYMBOL = ? AND QUOTATIONS.ISIN = ?  AND DATE <  ? order by date desc with 3 parameters begin parameter #1: PCLN :end parameter begin parameter #2: PCLN :end parameter begin parameter #3: 2013-01-22 :end parameter 
ERROR 08000: Connection closed by unknown interrupt.
	at org.apache.derby.iapi.error.StandardException.newException(Unknown Source)
	at org.apache.derby.iapi.util.InterruptStatus.setInterrupted(Unknown Source)
	at org.apache.derby.impl.store.raw.data.RAFContainer4.awaitRestoreChannel(Unknown Source)
	at org.apache.derby.impl.store.raw.data.RAFContainer4.handleClosedChannel(Unknown Source)
	at org.apache.derby.impl.store.raw.data.RAFContainer4.readPage(Unknown Source)
	at org.apache.derby.impl.store.raw.data.RAFContainer4.readPage(Unknown Source)
	at org.apache.derby.impl.store.raw.data.CachedPage.readPage(Unknown Source)
	at org.apache.derby.impl.store.raw.data.CachedPage.setIdentity(Unknown Source)
	at org.apache.derby.impl.services.cache.ConcurrentCache.find(Unknown Source)
	at org.apache.derby.impl.store.raw.data.FileContainer.getUserPage(Unknown Source)
	at org.apache.derby.impl.store.raw.data.FileContainer.getPage(Unknown Source)
	at org.apache.derby.impl.store.raw.data.BaseContainerHandle.getPage(Unknown Source)
	at org.apache.derby.impl.store.access.conglomerate.OpenConglomerate.latchPage(Unknown Source)
	at org.apache.derby.impl.store.access.conglomerate.GenericConglomerateController.fetch(Unknown Source)
	at org.apache.derby.impl.sql.execute.IndexRowToBaseRowResultSet.getNextRowCore(Unknown Source)
	at org.apache.derby.impl.sql.execute.ProjectRestrictResultSet.getNextRowCore(Unknown Source)
	at org.apache.derby.impl.sql.execute.SortResultSet.getRowFromResultSet(Unknown Source)
	at org.apache.derby.impl.sql.execute.SortResultSet.getNextRowFromRS(Unknown Source)
	at org.apache.derby.impl.sql.execute.SortResultSet.loadSorter(Unknown Source)
	at org.apache.derby.impl.sql.execute.SortResultSet.openCore(Unknown Source)
	at org.apache.derby.impl.sql.execute.BasicNoPutResultSetImpl.open(Unknown Source)
	at org.apache.derby.impl.sql.GenericPreparedStatement.executeStmt(Unknown Source)
	at org.apache.derby.impl.sql.GenericPreparedStatement.execute(Unknown Source)
	at org.apache.derby.impl.jdbc.EmbedStatement.executeStatement(Unknown Source)
	at org.apache.derby.impl.jdbc.EmbedPreparedStatement.executeStatement(Unknown Source)
	at org.apache.derby.impl.jdbc.EmbedPreparedStatement.executeQuery(Unknown Source)
	at com.finance.pms.datasources.db.DataSource.executeQuery(DataSource.java:963)
	at com.finance.pms.datasources.db.DataSource.loadNStripedQuotationsBefore(DataSource.java:518)
	at com.finance.pms.events.quotations.Quotations.retreiveQuotationsData(Quotations.java:190)
	at com.finance.pms.events.quotations.Quotations.init(Quotations.java:112)
	at com.finance.pms.events.quotations.Quotations.<init>(Quotations.java:78)
	at com.finance.pms.events.quotations.ClosedDayQuotationsFactory.getQuotationsInstance(ClosedDayQuotationsFactory.java:49)
	at com.finance.pms.portfolio.gui.PortfolioComposite$16.run(PortfolioComposite.java:1106)
	at java.util.concurrent.Executors$RunnableAdapter.call(Executors.java:471)
	at java.util.concurrent.FutureTask$Sync.innerRun(FutureTask.java:334)
	at java.util.concurrent.FutureTask.run(FutureTask.java:166)
	at java.util.concurrent.ThreadPoolExecutor.runWorker(ThreadPoolExecutor.java:1110)
	at java.util.concurrent.ThreadPoolExecutor$Worker.run(ThreadPoolExecutor.java:603)
	at java.lang.Thread.run(Thread.java:722)
Wed Jan 22 23:13:24 GMT 2014 Thread[pool-2-thread-4,5,main] (XID = 393345293), (SESSIONID = 18), (DATABASE = ./premiummarkets), (DRDAID = null), Cleanup action starting
Wed Jan 22 23:13:24 GMT 2014 Thread[pool-2-thread-4,5,main] (XID = 393345293), (SESSIONID = 18), (DATABASE = ./premiummarkets), (DRDAID = null), Failed Statement is: select distinct QUOTATIONS.* from QUOTATIONS where QUOTATIONS.SYMBOL = ? AND QUOTATIONS.ISIN = ?  AND DATE <  ? order by date desc with 3 parameters begin parameter #1: JNJ :end parameter begin parameter #2: JNJ :end parameter begin parameter #3: 2013-01-22 :end parameter 
ERROR 08000: Connection closed by unknown interrupt.
	at org.apache.derby.iapi.error.StandardException.newException(Unknown Source)
	at org.apache.derby.iapi.util.InterruptStatus.setInterrupted(Unknown Source)
	at org.apache.derby.impl.store.raw.data.RAFContainer4.awaitRestoreChannel(Unknown Source)
	at org.apache.derby.impl.store.raw.data.RAFContainer4.handleClosedChannel(Unknown Source)
	at org.apache.derby.impl.store.raw.data.RAFContainer4.readPage(Unknown Source)
	at org.apache.derby.impl.store.raw.data.RAFContainer4.readPage(Unknown Source)
	at org.apache.derby.impl.store.raw.data.CachedPage.readPage(Unknown Source)
	at org.apache.derby.impl.store.raw.data.CachedPage.setIdentity(Unknown Source)
	at org.apache.derby.impl.services.cache.ConcurrentCache.find(Unknown Source)
	at org.apache.derby.impl.store.raw.data.FileContainer.getUserPage(Unknown Source)
	at org.apache.derby.impl.store.raw.data.FileContainer.getPage(Unknown Source)
	at org.apache.derby.impl.store.raw.data.BaseContainerHandle.getPage(Unknown Source)
	at org.apache.derby.impl.store.access.conglomerate.OpenConglomerate.latchPage(Unknown Source)
	at org.apache.derby.impl.store.access.conglomerate.GenericConglomerateController.fetch(Unknown Source)
	at org.apache.derby.impl.sql.execute.IndexRowToBaseRowResultSet.getNextRowCore(Unknown Source)
	at org.apache.derby.impl.sql.execute.ProjectRestrictResultSet.getNextRowCore(Unknown Source)
	at org.apache.derby.impl.sql.execute.SortResultSet.getRowFromResultSet(Unknown Source)
	at org.apache.derby.impl.sql.execute.SortResultSet.getNextRowFromRS(Unknown Source)
	at org.apache.derby.impl.sql.execute.SortResultSet.loadSorter(Unknown Source)
	at org.apache.derby.impl.sql.execute.SortResultSet.openCore(Unknown Source)
	at org.apache.derby.impl.sql.execute.BasicNoPutResultSetImpl.open(Unknown Source)
	at org.apache.derby.impl.sql.GenericPreparedStatement.executeStmt(Unknown Source)
	at org.apache.derby.impl.sql.GenericPreparedStatement.execute(Unknown Source)
	at org.apache.derby.impl.jdbc.EmbedStatement.executeStatement(Unknown Source)
	at org.apache.derby.impl.jdbc.EmbedPreparedStatement.executeStatement(Unknown Source)
	at org.apache.derby.impl.jdbc.EmbedPreparedStatement.executeQuery(Unknown Source)
	at com.finance.pms.datasources.db.DataSource.executeQuery(DataSource.java:963)
	at com.finance.pms.datasources.db.DataSource.loadNStripedQuotationsBefore(DataSource.java:518)
	at com.finance.pms.events.quotations.Quotations.retreiveQuotationsData(Quotations.java:190)
	at com.finance.pms.events.quotations.Quotations.init(Quotations.java:112)
	at com.finance.pms.events.quotations.Quotations.<init>(Quotations.java:78)
	at com.finance.pms.events.quotations.ClosedDayQuotationsFactory.getQuotationsInstance(ClosedDayQuotationsFactory.java:49)
	at com.finance.pms.portfolio.gui.PortfolioComposite$16.run(PortfolioComposite.java:1106)
	at java.util.concurrent.Executors$RunnableAdapter.call(Executors.java:471)
	at java.util.concurrent.FutureTask$Sync.innerRun(FutureTask.java:334)
	at java.util.concurrent.FutureTask.run(FutureTask.java:166)
	at java.util.concurrent.ThreadPoolExecutor.runWorker(ThreadPoolExecutor.java:1110)
	at java.util.concurrent.ThreadPoolExecutor$Worker.run(ThreadPoolExecutor.java:603)
	at java.lang.Thread.run(Thread.java:722)
Cleanup action completed
Cleanup action completed
Cleanup action completed
